TN:
SF:packages/adapter-prisma/src/validation.ts
FN:209,formatValidationErrors
FN:210,(anonymous_1)
FNF:2
FNH:2
FNDA:9,formatValidationErrors
FNDA:25,(anonymous_1)
DA:10,4
DA:12,4
DA:27,4
DA:34,4
DA:44,4
DA:76,4
DA:82,4
DA:87,4
DA:210,25
LF:9
LH:9
BRDA:10,0,0,4
BRDA:10,0,1,0
BRF:2
BRH:1
end_of_record
TN:
SF:packages/cli/src/prompts.ts
FNF:0
FNH:0
DA:10,2
LF:1
LH:1
BRF:0
BRH:0
end_of_record
TN:
SF:packages/cli/src/commands/doctor.ts
FN:3,doctorCommand
FN:64,(anonymous_1)
FNF:2
FNH:2
FNDA:17,doctorCommand
FNDA:1,(anonymous_1)
DA:4,17
DA:7,17
DA:14,17
DA:15,1
DA:16,1
DA:19,16
DA:20,1
DA:21,1
DA:25,15
DA:32,15
DA:33,1
DA:34,1
DA:37,14
DA:38,14
DA:40,14
DA:41,14
DA:43,14
DA:44,14
DA:45,14
DA:46,9
DA:48,9
DA:50,6
DA:51,6
DA:53,1
DA:55,6
DA:57,6
DA:58,4
DA:60,2
DA:63,3
DA:64,3
DA:65,3
DA:66,3
DA:67,3
DA:70,8
DA:71,8
DA:72,1
DA:73,7
DA:74,1
DA:75,1
DA:77,6
DA:79,8
DA:82,6
LF:42
LH:42
BRDA:7,0,0,17
BRDA:7,0,1,2
BRDA:14,1,0,1
BRDA:14,1,1,16
BRDA:19,2,0,1
BRDA:19,2,1,15
BRDA:25,3,0,15
BRDA:25,3,1,1
BRDA:32,4,0,1
BRDA:32,4,1,14
BRDA:48,5,0,6
BRDA:48,5,1,3
BRDA:57,6,0,4
BRDA:57,6,1,2
BRDA:57,7,0,6
BRDA:57,7,1,5
BRDA:66,8,0,1
BRDA:66,8,1,2
BRDA:71,9,0,1
BRDA:71,9,1,7
BRDA:71,10,0,8
BRDA:71,10,1,1
BRDA:73,11,0,1
BRDA:73,11,1,6
BRDA:73,12,0,7
BRDA:73,12,1,1
BRDA:77,13,0,5
BRDA:77,13,1,1
BRF:28
BRH:28
end_of_record
TN:
SF:packages/cli/src/commands/init.ts
FN:6,initCommand
FNF:1
FNH:1
FNDA:18,initCommand
DA:7,18
DA:9,18
DA:12,18
DA:14,18
DA:15,9
DA:17,9
DA:21,9
DA:22,1
DA:23,1
DA:26,8
DA:27,7
DA:28,7
DA:30,5
DA:31,4
DA:34,5
DA:35,16
DA:36,15
DA:38,1
DA:42,5
DA:43,1
DA:46,2
DA:47,2
DA:48,2
DA:52,9
DA:53,9
DA:57,15
DA:61,15
DA:62,1
DA:63,1
DA:66,14
DA:67,5
DA:68,5
DA:69,3
DA:70,2
DA:72,1
DA:75,2
DA:76,2
DA:77,2
DA:82,12
DA:97,12
LF:40
LH:40
BRDA:14,0,0,9
BRDA:14,0,1,9
BRDA:21,1,0,1
BRDA:21,1,1,8
BRDA:26,2,0,7
BRDA:26,2,1,1
BRDA:30,3,0,4
BRDA:30,3,1,1
BRDA:35,4,0,15
BRDA:35,4,1,1
BRDA:42,5,0,1
BRDA:42,5,1,4
BRDA:42,6,0,5
BRDA:42,6,1,1
BRDA:46,7,0,1
BRDA:46,7,1,1
BRDA:61,8,0,1
BRDA:61,8,1,14
BRDA:66,9,0,5
BRDA:66,9,1,9
BRDA:69,10,0,2
BRDA:69,10,1,1
BRDA:75,11,0,1
BRDA:75,11,1,1
BRF:24
BRH:24
end_of_record
TN:
SF:packages/cli/src/commands/status.ts
FN:11,findApiRoute
FN:16,(anonymous_1)
FN:19,readPackageJson
FN:30,findWidgetUsage
FN:43,searchInDir
FN:59,(anonymous_5)
FN:62,(anonymous_6)
FN:81,checkSchema
FN:143,pad
FN:149,statusCommand
FN:162,(anonymous_10)
FNF:11
FNH:11
FNDA:27,findApiRoute
FNDA:44,(anonymous_1)
FNDA:27,readPackageJson
FNDA:27,findWidgetUsage
FNDA:41,searchInDir
FNDA:22,(anonymous_5)
FNDA:24,(anonymous_6)
FNDA:27,checkSchema
FNDA:108,pad
FNDA:27,statusCommand
FNDA:2,(anonymous_10)
DA:12,27
DA:16,44
DA:20,27
DA:21,27
DA:22,25
DA:23,25
DA:25,1
DA:31,27
DA:32,27
DA:33,27
DA:35,27
DA:36,73
DA:37,16
DA:38,16
DA:40,23
DA:45,41
DA:46,41
DA:48,1
DA:51,40
DA:52,43
DA:53,43
DA:55,43
DA:56,27
DA:57,25
DA:58,25
DA:59,22
DA:60,14
DA:61,14
DA:62,24
DA:68,33
DA:82,27
DA:83,17
DA:86,10
DA:87,10
DA:89,10
DA:90,10
DA:91,66
DA:92,18
DA:96,10
DA:97,10
DA:98,10
DA:100,10
DA:101,20
DA:103,20
DA:104,2
DA:105,2
DA:108,18
DA:109,18
DA:110,357
DA:111,323
DA:115,18
DA:116,354
DA:118,354
DA:119,31
DA:120,31
DA:124,323
DA:125,323
DA:126,323
DA:128,323
DA:129,323
DA:130,323
DA:132,323
DA:133,3
DA:138,10
DA:144,108
DA:150,27
DA:152,27
DA:155,27
DA:156,27
DA:158,27
DA:159,17
DA:161,10
DA:162,2
DA:167,10
DA:168,5
DA:170,5
DA:171,5
DA:172,5
DA:173,5
DA:174,5
DA:175,5
DA:180,27
DA:182,27
DA:183,11
DA:185,16
DA:189,27
DA:191,27
DA:192,24
DA:193,24
DA:194,24
DA:196,24
DA:197,17
DA:199,7
DA:202,3
DA:206,27
DA:208,27
DA:209,4
DA:211,23
DA:216,27
DA:225,27
DA:230,27
DA:231,19
DA:232,19
DA:233,8
DA:234,7
DA:236,1
LF:106
LH:106
BRDA:16,0,0,27
BRDA:16,0,1,16
BRDA:21,1,0,2
BRDA:21,1,1,25
BRDA:36,2,0,57
BRDA:36,2,1,16
BRDA:38,3,0,4
BRDA:38,3,1,12
BRDA:55,4,0,27
BRDA:55,4,1,16
BRDA:56,5,0,2
BRDA:56,5,1,25
BRDA:56,6,0,27
BRDA:56,6,1,26
BRDA:58,7,0,3
BRDA:58,7,1,22
BRDA:59,8,0,14
BRDA:59,8,1,2
BRDA:62,9,0,4
BRDA:62,9,1,10
BRDA:82,10,0,17
BRDA:82,10,1,10
BRDA:82,11,0,27
BRDA:82,11,1,10
BRDA:91,12,0,18
BRDA:91,12,1,48
BRDA:103,13,0,2
BRDA:103,13,1,18
BRDA:110,14,0,323
BRDA:110,14,1,34
BRDA:118,15,0,31
BRDA:118,15,1,323
BRDA:124,16,0,16
BRDA:124,16,1,307
BRDA:125,17,0,323
BRDA:125,17,1,289
BRDA:129,18,0,323
BRDA:129,18,1,0
BRDA:130,19,0,323
BRDA:130,19,1,0
BRDA:132,20,0,3
BRDA:132,20,1,320
BRDA:132,21,0,323
BRDA:132,21,1,320
BRDA:132,21,2,320
BRDA:155,22,0,27
BRDA:155,22,1,26
BRDA:158,23,0,17
BRDA:158,23,1,10
BRDA:167,24,0,5
BRDA:167,24,1,5
BRDA:173,25,0,5
BRDA:173,25,1,0
BRDA:173,26,0,4
BRDA:173,26,1,1
BRDA:174,27,0,2
BRDA:174,27,1,3
BRDA:174,28,0,1
BRDA:174,28,1,1
BRDA:182,29,0,11
BRDA:182,29,1,16
BRDA:191,30,0,24
BRDA:191,30,1,3
BRDA:192,31,0,24
BRDA:192,31,1,1
BRDA:193,32,0,24
BRDA:193,32,1,1
BRDA:194,33,0,24
BRDA:194,33,1,8
BRDA:196,34,0,17
BRDA:196,34,1,7
BRDA:208,35,0,4
BRDA:208,35,1,23
BRDA:216,36,0,27
BRDA:216,36,1,10
BRDA:216,36,2,9
BRDA:216,36,3,9
BRDA:216,36,4,9
BRDA:221,37,0,9
BRDA:221,37,1,1
BRDA:225,38,0,27
BRDA:225,38,1,25
BRDA:225,38,2,22
BRDA:225,38,3,22
BRDA:230,39,0,19
BRDA:230,39,1,8
BRDA:233,40,0,7
BRDA:233,40,1,1
BRF:88
BRH:85
end_of_record
TN:
SF:packages/cli/src/commands/sync.ts
FN:6,syncCommand
FNF:1
FNH:1
FNDA:13,syncCommand
DA:7,13
DA:8,13
DA:10,13
DA:11,1
DA:12,1
DA:13,1
DA:16,13
DA:17,2
DA:18,2
DA:21,13
DA:22,13
DA:24,9
DA:25,1
DA:26,1
DA:29,8
DA:30,7
DA:33,8
DA:34,58
DA:35,58
DA:40,8
DA:42,4
DA:43,4
LF:22
LH:22
BRDA:8,0,0,13
BRDA:8,0,1,2
BRDA:10,1,0,1
BRDA:10,1,1,12
BRDA:16,2,0,2
BRDA:16,2,1,11
BRDA:24,3,0,1
BRDA:24,3,1,8
BRDA:24,4,0,9
BRDA:24,4,1,2
BRDA:29,5,0,7
BRDA:29,5,1,1
BRDA:34,6,0,57
BRDA:34,6,1,1
BRDA:36,7,0,57
BRDA:36,7,1,1
BRDA:42,8,0,3
BRDA:42,8,1,1
BRF:18
BRH:18
end_of_record
TN:
SF:packages/cli/src/generators/prisma.ts
FN:30,syncPrismaModels
FN:68,(anonymous_1)
FN:108,(anonymous_2)
FN:150,fieldsMatch
FN:155,(anonymous_4)
FN:160,(anonymous_5)
FN:164,describeChange
FN:174,(anonymous_7)
FN:188,formatFieldSignature
FN:194,buildField
FN:277,buildBlockIndex
FN:291,hasBlockIndex
FN:293,(anonymous_12)
FNF:13
FNH:13
FNDA:46,syncPrismaModels
FNDA:369,(anonymous_1)
FNDA:121,(anonymous_2)
FNDA:335,fieldsMatch
FNDA:334,(anonymous_4)
FNDA:164,(anonymous_5)
FNDA:10,describeChange
FNDA:8,(anonymous_7)
FNDA:126,formatFieldSignature
FNDA:1640,buildField
FNDA:144,buildBlockIndex
FNDA:63,hasBlockIndex
FNDA:1216,(anonymous_12)
DA:6,3
DA:31,46
DA:32,4
DA:35,42
DA:36,42
DA:38,41
DA:39,41
DA:40,177
DA:41,27
DA:45,41
DA:46,41
DA:48,41
DA:49,82
DA:51,82
DA:52,57
DA:53,57
DA:54,1179
DA:56,57
DA:57,57
DA:58,101
DA:61,57
DA:62,57
DA:63,57
DA:67,25
DA:68,25
DA:69,369
DA:70,335
DA:74,25
DA:75,25
DA:77,25
DA:78,461
DA:79,461
DA:81,461
DA:82,126
DA:83,126
DA:89,335
DA:90,10
DA:91,10
DA:101,25
DA:102,10
DA:106,25
DA:107,15
DA:108,121
DA:110,15
DA:111,12
DA:113,3
DA:118,25
DA:119,25
DA:120,63
DA:121,43
DA:122,43
DA:133,41
DA:134,36
DA:135,36
DA:136,36
DA:138,4
DA:139,4
DA:140,3
DA:142,1
DA:146,37
DA:151,335
DA:152,334
DA:153,332
DA:155,334
DA:156,331
DA:157,331
DA:159,331
DA:160,325
DA:165,10
DA:167,10
DA:168,1
DA:170,10
DA:171,2
DA:174,10
DA:175,10
DA:176,10
DA:177,10
DA:178,6
DA:180,10
DA:181,2
DA:184,10
DA:189,126
DA:190,126
DA:191,126
DA:195,1640
DA:204,1640
DA:205,82
DA:206,82
DA:207,82
DA:219,1558
DA:220,164
DA:221,164
DA:234,1640
DA:235,328
DA:238,1640
DA:239,41
DA:242,1640
DA:243,41
DA:246,1640
DA:247,41
DA:248,41
DA:249,41
DA:254,41
DA:255,41
DA:260,41
DA:261,41
DA:266,41
DA:274,1640
DA:278,144
DA:292,63
DA:293,63
DA:294,1216
DA:295,83
DA:296,83
DA:297,83
DA:298,80
DA:299,80
DA:300,77
DA:302,3
LF:119
LH:119
BRDA:30,0,0,1
BRDA:31,1,0,4
BRDA:31,1,1,42
BRDA:40,2,0,27
BRDA:40,2,1,150
BRDA:51,3,0,57
BRDA:51,3,1,25
BRDA:56,4,0,57
BRDA:56,4,1,0
BRDA:69,5,0,335
BRDA:69,5,1,34
BRDA:81,6,0,126
BRDA:81,6,1,335
BRDA:89,7,0,10
BRDA:89,7,1,325
BRDA:106,8,0,15
BRDA:106,8,1,10
BRDA:108,9,0,121
BRDA:108,9,1,121
BRDA:110,10,0,12
BRDA:110,10,1,3
BRDA:118,11,0,25
BRDA:118,11,1,0
BRDA:120,12,0,43
BRDA:120,12,1,20
BRDA:133,13,0,36
BRDA:133,13,1,5
BRDA:133,14,0,41
BRDA:133,14,1,6
BRDA:139,15,0,3
BRDA:139,15,1,1
BRDA:139,16,0,4
BRDA:139,16,1,2
BRDA:151,17,0,1
BRDA:151,17,1,334
BRDA:152,18,0,2
BRDA:152,18,1,332
BRDA:152,19,0,334
BRDA:152,19,1,0
BRDA:152,20,0,334
BRDA:152,20,1,0
BRDA:153,21,0,1
BRDA:153,21,1,331
BRDA:153,22,0,332
BRDA:153,22,1,0
BRDA:153,23,0,332
BRDA:153,23,1,0
BRDA:155,24,0,99
BRDA:155,24,1,235
BRDA:156,25,0,331
BRDA:156,25,1,191
BRDA:157,26,0,331
BRDA:157,26,1,0
BRDA:159,27,0,6
BRDA:159,27,1,325
BRDA:167,28,0,1
BRDA:167,28,1,9
BRDA:170,29,0,2
BRDA:170,29,1,8
BRDA:170,30,0,10
BRDA:170,30,1,0
BRDA:170,31,0,10
BRDA:170,31,1,0
BRDA:171,32,0,1
BRDA:171,32,1,1
BRDA:174,33,0,5
BRDA:174,33,1,3
BRDA:175,34,0,10
BRDA:175,34,1,8
BRDA:176,35,0,10
BRDA:176,35,1,0
BRDA:178,36,0,5
BRDA:178,36,1,1
BRDA:181,37,0,1
BRDA:181,37,1,1
BRDA:184,38,0,10
BRDA:184,38,1,1
BRDA:190,39,0,37
BRDA:190,39,1,89
BRDA:198,40,0,82
BRDA:198,40,1,1558
BRDA:199,41,0,1640
BRDA:199,41,1,1435
BRDA:204,42,0,82
BRDA:204,42,1,1558
BRDA:206,43,0,82
BRDA:206,43,1,0
BRDA:219,44,0,164
BRDA:219,44,1,1394
BRDA:219,45,0,1558
BRDA:219,45,1,164
BRDA:228,46,0,82
BRDA:228,46,1,82
BRDA:234,47,0,328
BRDA:234,47,1,1312
BRDA:238,48,0,41
BRDA:238,48,1,1599
BRDA:242,49,0,41
BRDA:242,49,1,1599
BRDA:246,50,0,41
BRDA:246,50,1,1599
BRDA:248,51,0,41
BRDA:248,51,1,0
BRDA:254,52,0,41
BRDA:254,52,1,0
BRDA:260,53,0,41
BRDA:260,53,1,0
BRDA:294,54,0,1133
BRDA:294,54,1,83
BRDA:294,55,0,1216
BRDA:294,55,1,83
BRDA:297,56,0,3
BRDA:297,56,1,80
BRDA:297,57,0,83
BRDA:297,57,1,80
BRDA:299,58,0,77
BRDA:299,58,1,3
BRDA:299,59,0,80
BRDA:299,59,1,77
BRDA:299,59,2,77
BRDA:299,59,3,77
BRF:121
BRH:107
end_of_record
TN:
SF:packages/cli/src/generators/route.ts
FN:21,generateRoute
FNF:1
FNH:1
FNDA:15,generateRoute
DA:4,2
DA:23,15
DA:25,15
DA:26,3
DA:29,12
DA:31,12
DA:32,2
DA:35,10
DA:36,10
DA:37,8
DA:39,3
DA:40,3
DA:41,1
DA:43,2
DA:46,7
LF:15
LH:15
BRDA:21,0,0,1
BRDA:23,1,0,2
BRDA:23,1,1,13
BRDA:25,2,0,3
BRDA:25,2,1,12
BRDA:31,3,0,2
BRDA:31,3,1,10
BRDA:40,4,0,1
BRDA:40,4,1,2
BRDA:40,5,0,3
BRDA:40,5,1,2
BRF:11
BRH:11
end_of_record
TN:
SF:packages/cli/src/utils/find-schema.ts
FN:8,findPrismaSchema
FN:14,(anonymous_1)
FNF:2
FNH:2
FNDA:51,findPrismaSchema
FNDA:110,(anonymous_1)
DA:9,51
DA:14,110
LF:2
LH:2
BRDA:14,0,0,51
BRDA:14,0,1,28
BRF:2
BRH:2
end_of_record
TN:
SF:packages/core/src/schema.ts
FNF:0
FNH:0
DA:44,14
DA:113,14
LF:2
LH:2
BRF:0
BRH:0
end_of_record
TN:
SF:packages/core/src/testing.ts
FN:25,createInput
FN:72,testSitepingStore
FN:76,(anonymous_2)
FN:80,(anonymous_3)
FN:85,(anonymous_4)
FN:86,(anonymous_5)
FN:100,(anonymous_6)
FN:115,(anonymous_7)
FN:144,(anonymous_8)
FN:174,(anonymous_9)
FN:180,(anonymous_10)
FN:186,(anonymous_11)
FN:196,(anonymous_12)
FN:207,(anonymous_13)
FN:216,(anonymous_14)
FN:223,(anonymous_15)
FN:234,(anonymous_16)
FN:235,(anonymous_17)
FN:242,(anonymous_18)
FN:252,(anonymous_19)
FN:262,(anonymous_20)
FN:272,(anonymous_21)
FN:282,(anonymous_22)
FN:292,(anonymous_23)
FN:302,(anonymous_24)
FN:308,(anonymous_25)
FN:322,(anonymous_26)
FN:336,(anonymous_27)
FN:337,(anonymous_28)
FN:345,(anonymous_29)
FN:355,(anonymous_30)
FN:356,(anonymous_31)
FN:367,(anonymous_32)
FN:374,(anonymous_33)
FN:388,(anonymous_34)
FN:389,(anonymous_35)
FN:397,(anonymous_36)
FN:407,(anonymous_37)
FN:408,(anonymous_38)
FN:420,(anonymous_39)
FNF:40
FNH:40
FNDA:84,createInput
FNDA:2,testSitepingStore
FNDA:60,(anonymous_2)
FNDA:2,(anonymous_3)
FNDA:2,(anonymous_4)
FNDA:2,(anonymous_5)
FNDA:2,(anonymous_6)
FNDA:2,(anonymous_7)
FNDA:2,(anonymous_8)
FNDA:2,(anonymous_9)
FNDA:2,(anonymous_10)
FNDA:2,(anonymous_11)
FNDA:2,(anonymous_12)
FNDA:2,(anonymous_13)
FNDA:2,(anonymous_14)
FNDA:2,(anonymous_15)
FNDA:2,(anonymous_16)
FNDA:2,(anonymous_17)
FNDA:2,(anonymous_18)
FNDA:2,(anonymous_19)
FNDA:2,(anonymous_20)
FNDA:2,(anonymous_21)
FNDA:2,(anonymous_22)
FNDA:2,(anonymous_23)
FNDA:2,(anonymous_24)
FNDA:2,(anonymous_25)
FNDA:2,(anonymous_26)
FNDA:2,(anonymous_27)
FNDA:2,(anonymous_28)
FNDA:2,(anonymous_29)
FNDA:2,(anonymous_30)
FNDA:2,(anonymous_31)
FNDA:2,(anonymous_32)
FNDA:2,(anonymous_33)
FNDA:2,(anonymous_34)
FNDA:2,(anonymous_35)
FNDA:2,(anonymous_36)
FNDA:2,(anonymous_37)
FNDA:2,(anonymous_38)
FNDA:2,(anonymous_39)
DA:26,84
DA:76,2
DA:77,60
DA:80,2
DA:85,2
DA:86,2
DA:87,2
DA:88,2
DA:90,2
DA:91,2
DA:92,2
DA:93,2
DA:94,2
DA:95,2
DA:96,2
DA:97,2
DA:100,2
DA:101,2
DA:102,2
DA:104,2
DA:105,2
DA:106,2
DA:107,2
DA:108,2
DA:109,2
DA:110,2
DA:111,2
DA:112,2
DA:115,2
DA:116,2
DA:117,2
DA:140,2
DA:141,2
DA:144,2
DA:145,2
DA:146,2
DA:170,2
DA:171,2
DA:174,2
DA:175,2
DA:176,2
DA:177,2
DA:180,2
DA:181,2
DA:182,2
DA:183,2
DA:186,2
DA:190,2
DA:191,2
DA:192,2
DA:193,2
DA:196,2
DA:197,2
DA:198,2
DA:199,2
DA:200,2
DA:202,2
DA:203,2
DA:204,2
DA:207,2
DA:208,2
DA:209,2
DA:210,2
DA:211,2
DA:212,2
DA:213,2
DA:216,2
DA:217,2
DA:218,2
DA:219,2
DA:220,2
DA:223,2
DA:224,2
DA:225,2
DA:226,2
DA:234,2
DA:235,2
DA:236,2
DA:237,2
DA:238,2
DA:239,2
DA:242,2
DA:243,2
DA:244,2
DA:245,2
DA:247,2
DA:248,2
DA:249,2
DA:252,2
DA:253,2
DA:254,2
DA:255,2
DA:257,2
DA:258,2
DA:259,2
DA:262,2
DA:263,2
DA:264,2
DA:265,2
DA:266,2
DA:268,2
DA:269,2
DA:272,2
DA:273,2
DA:274,2
DA:275,2
DA:277,2
DA:278,2
DA:279,2
DA:282,2
DA:283,2
DA:284,2
DA:285,2
DA:287,2
DA:288,2
DA:289,2
DA:292,2
DA:293,2
DA:294,2
DA:295,2
DA:296,2
DA:298,2
DA:299,2
DA:302,2
DA:303,2
DA:304,2
DA:305,2
DA:308,2
DA:309,2
DA:310,2
DA:311,10
DA:314,2
DA:315,2
DA:316,2
DA:318,2
DA:319,2
DA:322,2
DA:323,2
DA:324,2
DA:325,6
DA:327,2
DA:328,2
DA:336,2
DA:337,2
DA:338,2
DA:339,2
DA:340,2
DA:341,2
DA:342,2
DA:345,2
DA:346,2
DA:347,2
DA:355,2
DA:356,2
DA:357,2
DA:358,2
DA:359,2
DA:360,2
DA:362,2
DA:363,2
DA:364,2
DA:367,2
DA:368,2
DA:369,2
DA:374,2
DA:375,2
DA:376,2
DA:377,2
DA:378,2
DA:379,2
DA:380,2
DA:388,2
DA:389,2
DA:390,2
DA:391,2
DA:392,2
DA:393,2
DA:394,2
DA:397,2
DA:398,2
DA:399,2
DA:407,2
DA:408,2
DA:409,2
DA:410,2
DA:411,2
DA:412,2
DA:414,2
DA:416,2
DA:417,2
DA:420,2
DA:421,2
DA:422,2
LF:193
LH:193
BRF:0
BRH:0
end_of_record
TN:
SF:packages/core/src/types.ts
FN:297,(anonymous_0)
FN:310,(anonymous_1)
FN:317,isStoreNotFound
FN:324,isStoreDuplicate
FN:335,flattenAnnotation
FNF:5
FNH:5
FNDA:12,(anonymous_0)
FNDA:7,(anonymous_1)
FNDA:13,isStoreNotFound
FNDA:9,isStoreDuplicate
FNDA:11,flattenAnnotation
DA:112,15
DA:116,15
DA:296,12
DA:298,12
DA:299,12
DA:309,7
DA:311,7
DA:312,7
DA:318,13
DA:320,12
DA:325,9
DA:327,8
DA:336,11
LF:13
LH:13
BRDA:297,0,0,11
BRDA:310,1,0,6
BRDA:318,2,0,1
BRDA:318,2,1,12
BRDA:320,3,0,12
BRDA:320,3,1,9
BRDA:320,3,2,8
BRDA:320,3,3,6
BRDA:325,4,0,1
BRDA:325,4,1,8
BRDA:327,5,0,8
BRDA:327,5,1,7
BRDA:327,5,2,6
BRDA:327,5,3,5
BRDA:346,6,0,11
BRDA:346,6,1,11
BRF:16
BRH:16
end_of_record
TN:
SF:packages/widget/src/annotator.ts
FN:44,(anonymous_0)
FN:52,(anonymous_1)
FN:60,(anonymous_2)
FN:65,(anonymous_3)
FN:135,(anonymous_4)
FN:136,(anonymous_5)
FN:141,(anonymous_6)
FN:174,(anonymous_7)
FN:200,(anonymous_8)
FN:209,(anonymous_9)
FN:249,(anonymous_10)
FN:253,(anonymous_11)
FN:259,(anonymous_12)
FN:279,(anonymous_13)
FN:283,(anonymous_14)
FN:288,(anonymous_15)
FN:294,(anonymous_16)
FN:311,(anonymous_17)
FN:316,(anonymous_18)
FN:320,(anonymous_19)
FN:372,(anonymous_20)
FN:392,(anonymous_21)
FNF:22
FNH:22
FNDA:40,(anonymous_0)
FNDA:40,(anonymous_1)
FNDA:4,(anonymous_2)
FNDA:40,(anonymous_3)
FNDA:1,(anonymous_4)
FNDA:2,(anonymous_5)
FNDA:1,(anonymous_6)
FNDA:54,(anonymous_7)
FNDA:14,(anonymous_8)
FNDA:7,(anonymous_9)
FNDA:10,(anonymous_10)
FNDA:7,(anonymous_11)
FNDA:16,(anonymous_12)
FNDA:7,(anonymous_13)
FNDA:2,(anonymous_14)
FNDA:8,(anonymous_15)
FNDA:3,(anonymous_16)
FNDA:3,(anonymous_17)
FNDA:6,(anonymous_18)
FNDA:8,(anonymous_19)
FNDA:3,(anonymous_20)
FNDA:42,(anonymous_21)
DA:31,40
DA:32,40
DA:33,40
DA:34,40
DA:35,40
DA:36,40
DA:37,40
DA:39,40
DA:40,40
DA:41,40
DA:42,40
DA:45,40
DA:46,40
DA:47,40
DA:48,40
DA:50,40
DA:52,40
DA:61,4
DA:62,0
DA:66,40
DA:67,39
DA:70,39
DA:73,39
DA:74,39
DA:77,39
DA:85,39
DA:88,39
DA:105,39
DA:115,39
DA:116,39
DA:120,39
DA:122,39
DA:123,39
DA:125,39
DA:126,39
DA:134,39
DA:135,39
DA:136,39
DA:137,2
DA:138,2
DA:139,2
DA:141,39
DA:142,1
DA:143,1
DA:144,1
DA:147,39
DA:148,39
DA:149,39
DA:152,39
DA:153,39
DA:154,39
DA:157,39
DA:158,39
DA:159,39
DA:162,39
DA:165,39
DA:168,39
DA:170,39
DA:171,39
DA:175,54
DA:176,39
DA:177,39
DA:178,39
DA:181,39
DA:182,5
DA:183,5
DA:185,39
DA:187,39
DA:188,39
DA:190,39
DA:191,39
DA:192,39
DA:193,39
DA:194,39
DA:195,39
DA:197,39
DA:200,40
DA:201,14
DA:209,40
DA:210,7
DA:211,5
DA:213,5
DA:214,5
DA:216,4
DA:217,4
DA:219,2
DA:221,2
DA:222,2
DA:224,1
DA:225,1
DA:237,1
DA:239,1
DA:241,1
DA:249,40
DA:250,10
DA:253,40
DA:254,7
DA:255,7
DA:256,7
DA:260,16
DA:261,16
DA:262,16
DA:264,16
DA:265,16
DA:276,16
DA:279,40
DA:280,7
DA:283,40
DA:284,2
DA:285,2
DA:289,8
DA:291,7
DA:292,7
DA:294,5
DA:295,3
DA:296,3
DA:297,3
DA:299,2
DA:300,2
DA:301,2
DA:302,2
DA:304,2
DA:305,2
DA:306,2
DA:307,2
DA:311,40
DA:312,3
DA:313,3
DA:316,40
DA:317,6
DA:320,40
DA:321,8
DA:322,7
DA:324,7
DA:325,7
DA:326,7
DA:327,7
DA:330,7
DA:331,2
DA:332,2
DA:333,2
DA:336,5
DA:339,5
DA:341,5
DA:342,2
DA:343,2
DA:344,2
DA:348,3
DA:349,3
DA:350,3
DA:355,3
DA:357,3
DA:360,3
DA:374,3
DA:375,3
DA:376,3
DA:378,3
DA:379,3
DA:380,3
DA:382,3
DA:393,42
DA:394,42
LF:162
LH:161
BRDA:48,0,0,40
BRDA:61,1,0,4
BRDA:61,1,1,0
BRDA:66,2,0,1
BRDA:66,2,1,39
BRDA:175,3,0,15
BRDA:175,3,1,39
BRDA:181,4,0,5
BRDA:181,4,1,34
BRDA:201,5,0,7
BRDA:201,5,1,7
BRDA:210,6,0,2
BRDA:210,6,1,5
BRDA:214,7,0,1
BRDA:214,7,1,4
BRDA:214,8,0,5
BRDA:214,8,1,5
BRDA:217,9,0,2
BRDA:217,9,1,2
BRDA:217,10,0,4
BRDA:217,10,1,2
BRDA:222,11,0,1
BRDA:222,11,1,1
BRDA:256,12,0,6
BRDA:256,12,1,1
BRDA:285,13,0,1
BRDA:285,13,1,1
BRDA:289,14,0,1
BRDA:289,14,1,7
BRDA:289,15,0,8
BRDA:289,15,1,7
BRDA:292,16,0,2
BRDA:292,16,1,5
BRDA:297,17,0,1
BRDA:297,17,1,2
BRDA:297,18,0,3
BRDA:297,18,1,2
BRDA:313,19,0,2
BRDA:313,19,1,1
BRDA:321,20,0,1
BRDA:321,20,1,7
BRDA:321,21,0,8
BRDA:321,21,1,7
BRDA:330,22,0,2
BRDA:330,22,1,5
BRDA:330,23,0,7
BRDA:330,23,1,6
BRDA:341,24,0,2
BRDA:341,24,1,3
BRDA:374,25,0,3
BRDA:374,25,1,0
BRDA:376,26,0,3
BRDA:376,26,1,0
BRF:53
BRH:50
end_of_record
TN:
SF:packages/widget/src/api-client.ts
FN:42,resilientFetch
FN:45,(anonymous_1)
FN:68,(anonymous_2)
FN:86,withRetryLock
FN:88,(anonymous_4)
FN:93,queueForRetry
FN:95,(anonymous_6)
FN:114,flushRetryQueue
FN:115,(anonymous_8)
FN:123,(anonymous_9)
FN:144,(anonymous_10)
FN:161,(anonymous_11)
FN:166,(anonymous_12)
FN:175,(anonymous_13)
FN:186,(anonymous_14)
FN:211,(anonymous_15)
FN:225,(anonymous_16)
FN:237,(anonymous_17)
FNF:18
FNH:18
FNDA:22,resilientFetch
FNDA:4,(anonymous_1)
FNDA:11,(anonymous_2)
FNDA:19,withRetryLock
FNDA:2,(anonymous_4)
FNDA:10,queueForRetry
FNDA:10,(anonymous_6)
FNDA:9,flushRetryQueue
FNDA:9,(anonymous_8)
FNDA:6,(anonymous_9)
FNDA:5,(anonymous_10)
FNDA:27,(anonymous_11)
FNDA:12,(anonymous_12)
FNDA:1,(anonymous_13)
FNDA:3,(anonymous_14)
FNDA:3,(anonymous_15)
FNDA:2,(anonymous_16)
FNDA:2,(anonymous_17)
DA:33,1
DA:34,1
DA:35,1
DA:36,1
DA:43,22
DA:44,33
DA:45,33
DA:47,33
DA:48,33
DA:52,25
DA:55,25
DA:56,19
DA:59,6
DA:61,8
DA:62,8
DA:66,11
DA:67,11
DA:68,11
DA:71,0
DA:80,1
DA:87,19
DA:88,2
DA:90,17
DA:95,10
DA:96,10
DA:97,10
DA:98,5
DA:99,5
DA:102,5
DA:103,1
DA:106,5
DA:107,5
DA:115,9
DA:116,9
DA:117,9
DA:118,9
DA:120,7
DA:121,6
DA:123,6
DA:124,6
DA:127,4
DA:128,4
DA:129,5
DA:130,5
DA:135,4
DA:136,1
DA:139,1
DA:144,5
DA:145,4
DA:146,2
DA:148,2
DA:162,27
DA:163,27
DA:167,12
DA:168,12
DA:174,10
DA:175,8
DA:176,8
DA:179,2
DA:181,10
DA:182,10
DA:190,3
DA:191,3
DA:192,3
DA:193,3
DA:194,3
DA:195,3
DA:196,3
DA:197,3
DA:199,3
DA:204,3
DA:205,1
DA:208,2
DA:212,3
DA:218,3
DA:219,1
DA:222,2
DA:226,2
DA:232,2
DA:233,1
DA:238,2
DA:244,2
DA:245,1
LF:83
LH:82
BRDA:42,0,0,22
BRDA:55,1,0,19
BRDA:55,1,1,6
BRDA:55,2,0,25
BRDA:55,2,1,17
BRDA:55,2,2,17
BRDA:59,3,0,1
BRDA:59,3,1,5
BRDA:62,4,0,2
BRDA:62,4,1,6
BRDA:87,5,0,2
BRDA:87,5,1,17
BRDA:87,6,0,19
BRDA:87,6,1,2
BRDA:98,7,0,3
BRDA:98,7,1,2
BRDA:99,8,0,4
BRDA:99,8,1,1
BRDA:102,9,0,1
BRDA:102,9,1,4
BRDA:118,10,0,2
BRDA:118,10,1,7
BRDA:121,11,0,5
BRDA:121,11,1,1
BRDA:124,12,0,2
BRDA:124,12,1,4
BRDA:135,13,0,1
BRDA:135,13,1,3
BRDA:145,14,0,2
BRDA:145,14,1,2
BRDA:174,15,0,8
BRDA:174,15,1,2
BRDA:191,16,0,1
BRDA:191,16,1,2
BRDA:192,17,0,2
BRDA:192,17,1,1
BRDA:193,18,0,2
BRDA:193,18,1,1
BRDA:194,19,0,1
BRDA:194,19,1,2
BRDA:195,20,0,1
BRDA:195,20,1,2
BRDA:196,21,0,0
BRDA:196,21,1,3
BRDA:197,22,0,0
BRDA:197,22,1,3
BRDA:204,23,0,1
BRDA:204,23,1,2
BRDA:215,24,0,2
BRDA:215,24,1,1
BRDA:218,25,0,1
BRDA:218,25,1,2
BRDA:232,26,0,1
BRDA:232,26,1,1
BRDA:244,27,0,1
BRDA:244,27,1,1
BRF:56
BRH:54
end_of_record
TN:
SF:packages/widget/src/constants.ts
FNF:0
FNH:0
DA:2,7
DA:5,7
DA:8,7
LF:3
LH:3
BRF:0
BRH:0
end_of_record
TN:
SF:packages/widget/src/dom-utils.ts
FN:13,parseSvg
FN:34,el
FN:51,setText
FN:56,formatRelativeDate
FNF:4
FNH:4
FNDA:6060,parseSvg
FNDA:27909,el
FNDA:16184,setText
FNDA:452,formatRelativeDate
DA:14,6060
DA:15,6060
DA:16,6060
DA:17,6060
DA:18,2
DA:21,6058
DA:22,39917
DA:25,6058
DA:26,16867
DA:27,42638
DA:30,6058
DA:35,27909
DA:36,27909
DA:37,27476
DA:38,27840
DA:39,26578
DA:40,1262
DA:41,917
DA:43,345
DA:47,27909
DA:52,16184
DA:57,452
DA:58,452
DA:60,452
DA:61,447
DA:64,5
DA:65,5
DA:66,5
DA:68,3
DA:69,3
DA:71,2
DA:72,2
DA:74,1
LF:33
LH:33
BRDA:17,0,0,2
BRDA:17,0,1,6058
BRDA:17,1,0,6060
BRDA:17,1,1,6059
BRDA:22,2,0,2
BRDA:22,2,1,39915
BRDA:27,3,0,3
BRDA:27,3,1,42635
BRDA:36,4,0,27476
BRDA:36,4,1,433
BRDA:38,5,0,26578
BRDA:38,5,1,1262
BRDA:40,6,0,917
BRDA:40,6,1,345
BRDA:56,7,0,1
BRDA:60,8,0,447
BRDA:60,8,1,5
BRDA:66,9,0,2
BRDA:66,9,1,3
BRDA:69,10,0,1
BRDA:69,10,1,2
BRDA:72,11,0,1
BRDA:72,11,1,1
BRF:23
BRH:23
end_of_record
TN:
SF:packages/widget/src/events.ts
FN:9,(anonymous_0)
FN:16,(anonymous_1)
FN:21,(anonymous_2)
FN:28,(anonymous_3)
FN:41,(anonymous_4)
FNF:5
FNH:5
FNDA:1181,(anonymous_0)
FNDA:133,(anonymous_1)
FNDA:4,(anonymous_2)
FNDA:377,(anonymous_3)
FNDA:129,(anonymous_4)
DA:7,464
DA:10,1181
DA:11,915
DA:13,1181
DA:14,1181
DA:16,1181
DA:17,133
DA:22,4
DA:23,4
DA:24,2
DA:29,377
DA:30,377
DA:31,150
DA:32,175
DA:33,175
DA:36,1
DA:42,129
LF:17
LH:17
BRDA:10,0,0,915
BRDA:10,0,1,266
BRDA:23,1,0,2
BRDA:23,1,1,2
BRDA:30,2,0,227
BRDA:30,2,1,150
BRF:6
BRH:6
end_of_record
TN:
SF:packages/widget/src/export-utils.ts
FN:173,escapeCsvField
FN:181,feedbacksToCsv
FN:183,(anonymous_2)
FN:184,(anonymous_3)
FN:193,feedbacksToJson
FN:202,downloadFile
FN:212,(anonymous_6)
FN:229,(anonymous_7)
FN:245,(anonymous_8)
FN:255,(anonymous_9)
FN:260,(anonymous_10)
FN:271,(anonymous_11)
FN:280,(anonymous_12)
FN:292,(anonymous_13)
FN:306,(anonymous_14)
FN:315,(anonymous_15)
FN:319,(anonymous_16)
FN:326,(anonymous_17)
FN:333,(anonymous_18)
FN:350,(anonymous_19)
FNF:20
FNH:20
FNDA:50,escapeCsvField
FNDA:5,feedbacksToCsv
FNDA:5,(anonymous_2)
FNDA:50,(anonymous_3)
FNDA:2,feedbacksToJson
FNDA:5,downloadFile
FNDA:5,(anonymous_6)
FNDA:177,(anonymous_7)
FNDA:6,(anonymous_8)
FNDA:4,(anonymous_9)
FNDA:1,(anonymous_10)
FNDA:135,(anonymous_11)
FNDA:170,(anonymous_12)
FNDA:354,(anonymous_13)
FNDA:5,(anonymous_14)
FNDA:6,(anonymous_15)
FNDA:6,(anonymous_16)
FNDA:7,(anonymous_17)
FNDA:5,(anonymous_18)
FNDA:173,(anonymous_19)
DA:9,3
DA:11,3
DA:13,3
DA:19,3
DA:25,3
DA:35,3
DA:159,3
DA:174,50
DA:175,2
DA:177,48
DA:182,5
DA:183,5
DA:184,5
DA:185,50
DA:186,50
DA:189,5
DA:194,2
DA:203,5
DA:204,5
DA:205,5
DA:206,5
DA:207,5
DA:208,5
DA:209,5
DA:210,5
DA:212,5
DA:213,5
DA:214,5
DA:226,177
DA:231,177
DA:234,177
DA:237,177
DA:238,177
DA:239,177
DA:240,177
DA:241,177
DA:242,177
DA:243,177
DA:244,177
DA:245,177
DA:246,6
DA:247,6
DA:251,177
DA:252,177
DA:255,177
DA:256,4
DA:260,177
DA:261,1
DA:264,177
DA:265,177
DA:267,177
DA:268,177
DA:271,177
DA:272,135
DA:273,2
DA:276,177
DA:281,170
DA:282,170
DA:283,169
DA:284,169
DA:287,170
DA:288,170
DA:289,170
DA:293,354
DA:294,354
DA:295,354
DA:297,354
DA:298,354
DA:300,354
DA:301,354
DA:303,354
DA:304,354
DA:306,354
DA:307,5
DA:308,5
DA:309,5
DA:312,354
DA:316,6
DA:320,6
DA:321,6
DA:322,6
DA:323,6
DA:327,7
DA:328,7
DA:329,7
DA:330,7
DA:334,5
DA:335,5
DA:337,4
DA:338,4
DA:339,4
DA:341,4
DA:342,3
DA:343,3
DA:345,1
DA:346,1
DA:351,173
DA:352,173
LF:98
LH:98
BRDA:174,0,0,2
BRDA:174,0,1,48
BRDA:174,1,0,50
BRDA:174,1,1,49
BRDA:174,1,2,48
BRDA:174,1,3,48
BRDA:186,2,0,4
BRDA:186,2,1,46
BRDA:272,3,0,2
BRDA:272,3,1,133
BRDA:272,4,0,135
BRDA:272,4,1,6
BRDA:282,5,0,169
BRDA:282,5,1,1
BRDA:284,6,0,168
BRDA:284,6,1,1
BRDA:288,7,0,169
BRDA:288,7,1,1
BRDA:289,8,0,169
BRDA:289,8,1,1
BRDA:316,9,0,0
BRDA:316,9,1,6
BRDA:335,10,0,1
BRDA:335,10,1,4
BRDA:337,11,0,4
BRDA:337,11,1,1
BRDA:341,12,0,3
BRDA:341,12,1,1
BRF:28
BRH:27
end_of_record
TN:
SF:packages/widget/src/fab.ts
FN:31,(anonymous_0)
FN:54,(anonymous_1)
FN:72,(anonymous_2)
FN:95,(anonymous_3)
FN:103,(anonymous_4)
FN:113,(anonymous_5)
FN:149,(anonymous_6)
FN:169,(anonymous_7)
FN:173,(anonymous_8)
FN:179,(anonymous_9)
FN:187,(anonymous_10)
FN:193,(anonymous_11)
FN:199,(anonymous_12)
FN:208,(anonymous_13)
FN:215,(anonymous_14)
FN:237,(anonymous_15)
FNF:16
FNH:16
FNDA:105,(anonymous_0)
FNDA:25,(anonymous_1)
FNDA:6,(anonymous_2)
FNDA:32,(anonymous_3)
FNDA:9,(anonymous_4)
FNDA:8,(anonymous_5)
FNDA:11,(anonymous_6)
FNDA:25,(anonymous_7)
FNDA:21,(anonymous_8)
FNDA:63,(anonymous_9)
FNDA:21,(anonymous_10)
FNDA:12,(anonymous_11)
FNDA:36,(anonymous_12)
FNDA:33,(anonymous_13)
FNDA:6,(anonymous_14)
FNDA:108,(anonymous_15)
DA:14,3
DA:26,105
DA:27,105
DA:28,105
DA:34,105
DA:35,105
DA:37,105
DA:38,105
DA:41,105
DA:48,105
DA:49,105
DA:50,105
DA:51,105
DA:52,105
DA:53,105
DA:54,105
DA:57,105
DA:58,105
DA:59,105
DA:61,105
DA:62,315
DA:63,315
DA:64,315
DA:65,315
DA:66,315
DA:67,315
DA:68,315
DA:69,315
DA:70,315
DA:72,315
DA:73,6
DA:74,6
DA:77,315
DA:78,315
DA:79,315
DA:80,315
DA:83,315
DA:85,315
DA:88,105
DA:89,105
DA:90,105
DA:91,105
DA:94,105
DA:95,105
DA:96,32
DA:97,1
DA:100,105
DA:103,105
DA:104,9
DA:105,1
DA:106,1
DA:109,105
DA:110,105
DA:113,105
DA:114,8
DA:115,8
DA:116,7
DA:117,7
DA:119,7
DA:121,2
DA:122,2
DA:123,2
DA:124,2
DA:127,3
DA:128,3
DA:129,3
DA:130,3
DA:133,1
DA:134,1
DA:135,1
DA:138,1
DA:139,1
DA:140,1
DA:150,11
DA:151,2
DA:152,2
DA:153,2
DA:156,9
DA:157,8
DA:158,8
DA:159,8
DA:160,8
DA:161,8
DA:164,9
DA:165,9
DA:166,9
DA:170,25
DA:174,21
DA:175,21
DA:176,21
DA:178,21
DA:179,21
DA:181,63
DA:182,63
DA:183,63
DA:187,21
DA:188,21
DA:189,21
DA:194,12
DA:195,12
DA:196,12
DA:198,12
DA:199,12
DA:200,36
DA:201,36
DA:205,12
DA:209,33
DA:210,33
DA:212,33
DA:216,6
DA:218,6
DA:220,2
DA:221,2
DA:223,1
DA:224,1
DA:226,3
DA:227,3
DA:228,3
DA:229,3
DA:230,3
DA:232,3
DA:238,108
DA:239,108
LF:123
LH:123
BRDA:37,0,0,105
BRDA:37,0,1,64
BRDA:63,1,0,0
BRDA:63,1,1,315
BRDA:80,2,0,312
BRDA:80,2,1,3
BRDA:96,3,0,1
BRDA:96,3,1,31
BRDA:96,4,0,32
BRDA:96,4,1,22
BRDA:104,5,0,1
BRDA:104,5,1,8
BRDA:104,6,0,9
BRDA:104,6,1,1
BRDA:115,7,0,1
BRDA:115,7,1,7
BRDA:115,8,0,8
BRDA:115,8,1,8
BRDA:116,9,0,7
BRDA:116,9,1,1
BRDA:119,10,0,2
BRDA:119,10,1,3
BRDA:119,10,2,1
BRDA:119,10,3,1
BRDA:122,11,0,1
BRDA:122,11,1,1
BRDA:128,12,0,1
BRDA:128,12,1,2
BRDA:150,13,0,2
BRDA:150,13,1,9
BRDA:156,14,0,8
BRDA:156,14,1,1
BRDA:164,15,0,1
BRDA:164,15,1,8
BRDA:170,16,0,4
BRDA:170,16,1,21
BRDA:212,17,0,2
BRDA:212,17,1,31
BRDA:218,18,0,2
BRDA:218,18,1,1
BRDA:218,18,2,3
BRDA:229,19,0,3
BRDA:229,19,1,0
BRDA:230,20,0,1
BRDA:230,20,1,2
BRF:45
BRH:43
end_of_record
TN:
SF:packages/widget/src/identity.ts
FN:8,getIdentity
FN:30,saveIdentity
FNF:2
FNH:2
FNDA:4,getIdentity
FNDA:2,saveIdentity
DA:1,2
DA:9,4
DA:10,4
DA:11,4
DA:12,3
DA:13,2
DA:21,1
DA:22,1
DA:24,1
DA:26,1
DA:31,2
DA:32,2
LF:12
LH:12
BRDA:11,0,0,1
BRDA:11,0,1,3
BRDA:13,1,0,1
BRDA:13,1,1,1
BRDA:14,2,0,2
BRDA:14,2,1,2
BRDA:14,2,2,2
BRDA:14,2,3,2
BRDA:14,2,4,2
BRDA:14,2,5,1
BRDA:22,3,0,1
BRDA:22,3,1,0
BRDA:22,4,0,1
BRDA:22,4,1,1
BRF:14
BRH:13
end_of_record
TN:
SF:packages/widget/src/launcher.ts
FN:27,skippedInstance
FN:28,(anonymous_1)
FN:34,(anonymous_2)
FN:48,launch
FN:51,(anonymous_4)
FN:52,(anonymous_5)
FN:101,(anonymous_6)
FN:112,(anonymous_7)
FN:147,(anonymous_8)
FN:148,(anonymous_9)
FN:149,(anonymous_10)
FN:150,(anonymous_11)
FN:153,(anonymous_12)
FN:154,(anonymous_13)
FN:155,(anonymous_14)
FN:156,(anonymous_15)
FN:157,(anonymous_16)
FN:158,(anonymous_17)
FN:216,loadPanel
FN:220,(anonymous_19)
FN:238,(anonymous_20)
FN:243,(anonymous_21)
FN:247,(anonymous_22)
FN:258,(anonymous_23)
FN:273,(anonymous_24)
FN:335,(anonymous_25)
FN:337,(anonymous_26)
FN:340,(anonymous_27)
FN:347,(anonymous_28)
FN:348,(anonymous_29)
FN:352,(anonymous_30)
FN:369,(anonymous_31)
FN:375,(anonymous_32)
FN:383,(anonymous_33)
FN:399,(anonymous_34)
FN:400,(anonymous_35)
FN:403,(anonymous_36)
FN:405,(anonymous_37)
FN:410,(anonymous_38)
FN:425,promptIdentity
FN:426,(anonymous_40)
FN:494,(anonymous_41)
FN:498,(anonymous_42)
FN:508,(anonymous_43)
FN:513,(anonymous_44)
FN:527,(anonymous_45)
FN:556,(anonymous_46)
FN:574,(anonymous_47)
FNF:48
FNH:43
FNDA:11,skippedInstance
FNDA:13,(anonymous_1)
FNDA:1,(anonymous_2)
FNDA:76,launch
FNDA:11,(anonymous_4)
FNDA:205,(anonymous_5)
FNDA:0,(anonymous_6)
FNDA:89,(anonymous_7)
FNDA:13,(anonymous_8)
FNDA:1,(anonymous_9)
FNDA:3,(anonymous_10)
FNDA:1,(anonymous_11)
FNDA:3,(anonymous_12)
FNDA:1,(anonymous_13)
FNDA:13,(anonymous_14)
FNDA:3,(anonymous_15)
FNDA:1,(anonymous_16)
FNDA:1,(anonymous_17)
FNDA:4,loadPanel
FNDA:4,(anonymous_19)
FNDA:4,(anonymous_20)
FNDA:4,(anonymous_21)
FNDA:0,(anonymous_22)
FNDA:33,(anonymous_23)
FNDA:16,(anonymous_24)
FNDA:61,(anonymous_25)
FNDA:0,(anonymous_26)
FNDA:2,(anonymous_27)
FNDA:61,(anonymous_28)
FNDA:1,(anonymous_29)
FNDA:64,(anonymous_30)
FNDA:4,(anonymous_31)
FNDA:2,(anonymous_32)
FNDA:1,(anonymous_33)
FNDA:1,(anonymous_34)
FNDA:0,(anonymous_35)
FNDA:0,(anonymous_36)
FNDA:2,(anonymous_37)
FNDA:1,(anonymous_38)
FNDA:17,promptIdentity
FNDA:17,(anonymous_40)
FNDA:4,(anonymous_41)
FNDA:4,(anonymous_42)
FNDA:1,(anonymous_43)
FNDA:4,(anonymous_44)
FNDA:10,(anonymous_45)
FNDA:7,(anonymous_46)
FNDA:17,(anonymous_47)
DA:24,2
DA:28,11
DA:29,11
DA:34,1
DA:50,76
DA:51,11
DA:55,76
DA:56,2
DA:57,2
DA:61,74
DA:62,4
DA:65,4
DA:66,3
DA:67,3
DA:68,3
DA:69,3
DA:77,71
DA:78,2
DA:79,2
DA:80,2
DA:81,2
DA:85,69
DA:86,3
DA:89,3
DA:91,66
DA:92,3
DA:93,3
DA:96,63
DA:100,63
DA:101,0
DA:105,63
DA:111,63
DA:112,63
DA:113,89
DA:114,89
DA:115,87
DA:117,2
DA:119,81
DA:122,63
DA:129,63
DA:130,63
DA:131,63
DA:134,63
DA:139,63
DA:140,63
DA:141,63
DA:142,63
DA:143,63
DA:144,63
DA:147,63
DA:148,63
DA:149,63
DA:150,63
DA:153,63
DA:154,63
DA:155,63
DA:156,63
DA:157,63
DA:158,63
DA:161,63
DA:162,63
DA:165,63
DA:166,63
DA:170,63
DA:171,63
DA:172,61
DA:177,63
DA:178,63
DA:181,63
DA:182,63
DA:183,1
DA:184,1
DA:185,1
DA:187,62
DA:188,62
DA:189,62
DA:192,63
DA:195,63
DA:196,63
DA:197,63
DA:198,63
DA:199,63
DA:201,63
DA:204,63
DA:205,63
DA:208,63
DA:213,63
DA:214,63
DA:215,63
DA:217,4
DA:218,4
DA:219,4
DA:220,4
DA:221,4
DA:222,3
DA:226,3
DA:229,4
DA:237,63
DA:238,63
DA:239,4
DA:240,4
DA:241,4
DA:242,4
DA:244,4
DA:245,4
DA:247,0
DA:249,0
DA:253,63
DA:257,63
DA:258,63
DA:259,33
DA:260,32
DA:261,32
DA:262,32
DA:265,32
DA:266,32
DA:267,17
DA:268,4
DA:269,1
DA:273,16
DA:274,16
DA:275,16
DA:277,1
DA:288,16
DA:289,16
DA:304,16
DA:305,16
DA:306,13
DA:310,13
DA:311,2
DA:313,13
DA:317,13
DA:319,3
DA:320,3
DA:323,19
DA:331,63
DA:332,63
DA:333,63
DA:337,61
DA:338,61
DA:341,2
DA:345,63
DA:346,62
DA:347,61
DA:351,63
DA:353,64
DA:354,64
DA:355,64
DA:356,64
DA:357,64
DA:358,64
DA:359,64
DA:360,64
DA:361,64
DA:362,64
DA:363,64
DA:364,64
DA:365,64
DA:366,64
DA:367,64
DA:373,4
DA:376,2
DA:377,1
DA:380,1
DA:390,1
DA:391,0
DA:392,0
DA:395,1
DA:396,1
DA:397,1
DA:400,1
DA:401,1
DA:408,2
DA:413,1
DA:417,63
DA:426,17
DA:428,17
DA:430,17
DA:431,17
DA:441,17
DA:442,17
DA:456,17
DA:457,17
DA:458,17
DA:459,17
DA:461,17
DA:462,17
DA:463,17
DA:464,17
DA:465,17
DA:467,17
DA:468,17
DA:470,17
DA:471,17
DA:472,17
DA:473,17
DA:474,17
DA:475,17
DA:476,17
DA:477,17
DA:478,17
DA:479,17
DA:481,17
DA:482,17
DA:483,17
DA:484,17
DA:485,17
DA:486,17
DA:487,17
DA:488,17
DA:489,17
DA:491,17
DA:492,17
DA:494,17
DA:495,4
DA:496,4
DA:497,4
DA:498,4
DA:499,4
DA:500,4
DA:501,4
DA:505,17
DA:506,17
DA:507,17
DA:508,17
DA:510,17
DA:511,17
DA:512,17
DA:513,17
DA:514,4
DA:515,4
DA:516,4
DA:517,2
DA:518,2
DA:519,1
DA:520,1
DA:522,1
DA:526,17
DA:527,17
DA:528,10
DA:529,10
DA:530,1
DA:531,1
DA:533,9
DA:534,7
DA:535,7
DA:536,6
DA:537,6
DA:538,6
DA:539,6
DA:540,6
DA:541,2
DA:542,1
DA:543,1
DA:546,4
DA:547,3
DA:548,3
DA:553,17
DA:556,17
DA:557,7
DA:560,17
DA:561,17
DA:563,17
DA:564,17
DA:565,17
DA:566,17
DA:567,17
DA:568,17
DA:569,17
DA:571,17
DA:574,17
DA:575,17
DA:576,17
DA:577,17
LF:274
LH:269
BRDA:50,0,0,4
BRDA:50,0,1,72
BRDA:55,1,0,2
BRDA:55,1,1,74
BRDA:61,2,0,4
BRDA:61,2,1,70
BRDA:65,3,0,3
BRDA:65,3,1,1
BRDA:65,4,0,4
BRDA:65,4,1,3
BRDA:77,5,0,2
BRDA:77,5,1,69
BRDA:85,6,0,3
BRDA:85,6,1,66
BRDA:85,7,0,69
BRDA:85,7,1,68
BRDA:85,7,2,66
BRDA:91,8,0,3
BRDA:91,8,1,63
BRDA:91,9,0,66
BRDA:91,9,1,64
BRDA:96,10,0,63
BRDA:96,10,1,62
BRDA:100,11,0,0
BRDA:100,11,1,63
BRDA:111,12,0,63
BRDA:111,12,1,62
BRDA:115,13,0,8
BRDA:115,13,1,79
BRDA:124,14,0,63
BRDA:124,14,1,63
BRDA:134,15,0,1
BRDA:134,15,1,62
BRDA:139,16,0,1
BRDA:139,16,1,62
BRDA:140,17,0,1
BRDA:140,17,1,62
BRDA:141,18,0,1
BRDA:141,18,1,62
BRDA:142,19,0,2
BRDA:142,19,1,61
BRDA:143,20,0,1
BRDA:143,20,1,62
BRDA:144,21,0,1
BRDA:144,21,1,62
BRDA:171,22,0,61
BRDA:171,22,1,2
BRDA:171,23,0,63
BRDA:171,23,1,62
BRDA:177,24,0,61
BRDA:177,24,1,2
BRDA:182,25,0,1
BRDA:182,25,1,62
BRDA:217,26,0,0
BRDA:217,26,1,4
BRDA:218,27,0,0
BRDA:218,27,1,4
BRDA:219,28,0,4
BRDA:219,28,1,0
BRDA:221,29,0,1
BRDA:221,29,1,3
BRDA:239,30,0,0
BRDA:239,30,1,4
BRDA:240,31,0,4
BRDA:240,31,1,0
BRDA:244,32,0,3
BRDA:244,32,1,1
BRDA:244,33,0,4
BRDA:244,33,1,3
BRDA:253,34,0,63
BRDA:253,34,1,63
BRDA:259,35,0,1
BRDA:259,35,1,32
BRDA:266,36,0,17
BRDA:266,36,1,15
BRDA:268,37,0,3
BRDA:268,37,1,1
BRDA:301,38,0,16
BRDA:301,38,1,16
BRDA:310,39,0,2
BRDA:310,39,1,11
BRDA:310,40,0,13
BRDA:310,40,1,12
BRDA:317,41,0,0
BRDA:317,41,1,13
BRDA:319,42,0,2
BRDA:319,42,1,1
BRDA:332,43,0,62
BRDA:332,43,1,1
BRDA:337,44,0,60
BRDA:337,44,1,1
BRDA:345,45,0,62
BRDA:345,45,1,1
BRDA:376,46,0,1
BRDA:376,46,1,1
BRDA:390,47,0,0
BRDA:390,47,1,1
BRDA:396,48,0,1
BRDA:396,48,1,0
BRDA:400,49,0,1
BRDA:400,49,1,0
BRDA:428,50,0,17
BRDA:428,50,1,17
BRDA:516,51,0,2
BRDA:516,51,1,2
BRDA:516,52,0,4
BRDA:516,52,1,3
BRDA:518,53,0,1
BRDA:518,53,1,1
BRDA:529,54,0,1
BRDA:529,54,1,9
BRDA:533,55,0,7
BRDA:533,55,1,2
BRDA:535,56,0,1
BRDA:535,56,1,6
BRDA:538,57,0,0
BRDA:538,57,1,6
BRDA:538,58,0,6
BRDA:538,58,1,6
BRDA:540,59,0,2
BRDA:540,59,1,4
BRDA:541,60,0,1
BRDA:541,60,1,1
BRDA:541,61,0,2
BRDA:541,61,1,1
BRDA:546,62,0,3
BRDA:546,62,1,1
BRDA:546,63,0,4
BRDA:546,63,1,2
BRDA:557,64,0,1
BRDA:557,64,1,6
BRF:131
BRH:120
end_of_record
TN:
SF:packages/widget/src/markers.ts
FN:12,toAnchorData
FN:27,toRectData
FN:35,markerPosition
FN:56,clusterMarker
FN:93,(anonymous_4)
FN:105,(anonymous_5)
FN:109,(anonymous_6)
FN:112,(anonymous_7)
FN:125,(anonymous_8)
FN:141,(anonymous_9)
FN:89,(anonymous_10)
FN:148,(anonymous_11)
FN:152,(anonymous_12)
FN:159,(anonymous_13)
FN:166,(anonymous_14)
FN:235,(anonymous_15)
FN:245,(anonymous_16)
FN:247,(anonymous_17)
FN:254,(anonymous_18)
FN:263,(anonymous_19)
FN:279,(anonymous_20)
FN:329,(anonymous_21)
FN:343,(anonymous_22)
FN:360,(anonymous_23)
FN:382,(anonymous_24)
FN:389,(anonymous_25)
FN:399,(anonymous_26)
FN:413,(anonymous_27)
FN:420,(anonymous_28)
FN:426,(anonymous_29)
FN:439,(anonymous_30)
FN:475,(anonymous_31)
FN:484,(anonymous_32)
FN:493,(anonymous_33)
FN:505,(anonymous_34)
FN:506,(anonymous_35)
FN:516,(anonymous_36)
FN:523,(anonymous_37)
FN:533,(anonymous_38)
FN:563,(anonymous_39)
FN:567,(anonymous_40)
FN:574,(anonymous_41)
FN:583,(anonymous_42)
FN:586,(anonymous_43)
FN:591,(anonymous_44)
FN:596,(anonymous_45)
FN:604,(anonymous_46)
FNF:47
FNH:46
FNDA:138,toAnchorData
FNDA:142,toRectData
FNDA:120,markerPosition
FNDA:151,clusterMarker
FNDA:79,(anonymous_4)
FNDA:3,(anonymous_5)
FNDA:26,(anonymous_6)
FNDA:0,(anonymous_7)
FNDA:70,(anonymous_8)
FNDA:6,(anonymous_9)
FNDA:3,(anonymous_10)
FNDA:95,(anonymous_11)
FNDA:2,(anonymous_12)
FNDA:24,(anonymous_13)
FNDA:26,(anonymous_14)
FNDA:26,(anonymous_15)
FNDA:69,(anonymous_16)
FNDA:93,(anonymous_17)
FNDA:2,(anonymous_18)
FNDA:95,(anonymous_19)
FNDA:72,(anonymous_20)
FNDA:44,(anonymous_21)
FNDA:10,(anonymous_22)
FNDA:21,(anonymous_23)
FNDA:9,(anonymous_24)
FNDA:10,(anonymous_25)
FNDA:10,(anonymous_26)
FNDA:10,(anonymous_27)
FNDA:10,(anonymous_28)
FNDA:120,(anonymous_29)
FNDA:94,(anonymous_30)
FNDA:5,(anonymous_31)
FNDA:3,(anonymous_32)
FNDA:12,(anonymous_33)
FNDA:10,(anonymous_34)
FNDA:4,(anonymous_35)
FNDA:3,(anonymous_36)
FNDA:1,(anonymous_37)
FNDA:19,(anonymous_38)
FNDA:11,(anonymous_39)
FNDA:2,(anonymous_40)
FNDA:167,(anonymous_41)
FNDA:169,(anonymous_42)
FNDA:4,(anonymous_43)
FNDA:19,(anonymous_44)
FNDA:69,(anonymous_45)
FNDA:86,(anonymous_46)
DA:13,138
DA:28,142
DA:32,1
DA:36,120
DA:57,151
DA:58,151
DA:59,151
DA:60,150
DA:63,1
DA:64,1
DA:65,1
DA:66,1
DA:67,1
DA:77,79
DA:78,79
DA:79,79
DA:80,79
DA:81,79
DA:82,79
DA:83,79
DA:84,79
DA:85,79
DA:86,79
DA:87,79
DA:90,3
DA:94,79
DA:95,79
DA:96,79
DA:97,79
DA:99,79
DA:102,79
DA:103,79
DA:105,79
DA:106,3
DA:109,79
DA:110,79
DA:112,79
DA:113,79
DA:125,79
DA:126,70
DA:127,70
DA:128,70
DA:129,69
DA:130,69
DA:132,70
DA:134,79
DA:141,79
DA:142,6
DA:143,3
DA:145,79
DA:149,95
DA:150,92
DA:151,4
DA:153,2
DA:154,2
DA:159,88
DA:160,24
DA:161,24
DA:168,26
DA:170,26
DA:171,27
DA:172,28
DA:173,28
DA:175,27
DA:176,27
DA:177,27
DA:178,27
DA:181,27
DA:182,27
DA:185,27
DA:186,4
DA:187,4
DA:188,4
DA:200,23
DA:201,23
DA:202,22
DA:206,27
DA:207,1
DA:208,1
DA:211,26
DA:212,26
DA:213,26
DA:214,26
DA:215,26
DA:220,26
DA:221,27
DA:224,26
DA:230,26
DA:231,1
DA:236,26
DA:237,24
DA:238,3
DA:240,21
DA:246,69
DA:247,69
DA:248,93
DA:249,93
DA:251,69
DA:255,2
DA:256,2
DA:257,2
DA:259,2
DA:260,2
DA:264,95
DA:265,95
DA:266,96
DA:267,96
DA:268,94
DA:269,94
DA:270,94
DA:271,94
DA:272,94
DA:273,94
DA:274,94
DA:276,95
DA:280,72
DA:281,0
DA:284,72
DA:285,72
DA:286,96
DA:287,96
DA:291,72
DA:292,72
DA:294,72
DA:295,96
DA:296,70
DA:297,70
DA:298,70
DA:303,70
DA:305,70
DA:306,27
DA:307,27
DA:308,27
DA:309,27
DA:310,27
DA:311,27
DA:312,27
DA:313,26
DA:314,26
DA:315,26
DA:319,70
DA:322,72
DA:323,70
DA:324,20
DA:325,20
DA:330,44
DA:331,44
DA:332,43
DA:333,43
DA:334,43
DA:335,78
DA:336,78
DA:337,75
DA:338,75
DA:339,75
DA:344,10
DA:345,10
DA:346,9
DA:347,9
DA:348,9
DA:349,9
DA:351,9
DA:352,21
DA:353,21
DA:354,20
DA:355,20
DA:356,20
DA:361,21
DA:362,21
DA:363,19
DA:378,19
DA:379,19
DA:383,9
DA:384,21
DA:385,21
DA:390,10
DA:391,10
DA:392,8
DA:393,10
DA:396,2
DA:400,10
DA:401,10
DA:402,8
DA:403,7
DA:404,7
DA:405,7
DA:406,7
DA:407,7
DA:408,7
DA:410,1
DA:414,10
DA:415,2
DA:416,2
DA:417,2
DA:421,10
DA:422,10
DA:427,120
DA:428,120
DA:429,2
DA:430,2
DA:431,2
DA:433,118
DA:434,118
DA:435,118
DA:440,94
DA:441,94
DA:443,94
DA:463,94
DA:464,94
DA:465,94
DA:466,94
DA:467,94
DA:471,94
DA:472,94
DA:473,94
DA:475,94
DA:476,5
DA:477,5
DA:480,5
DA:481,5
DA:484,94
DA:485,3
DA:486,3
DA:489,3
DA:490,3
DA:493,94
DA:494,12
DA:495,5
DA:496,5
DA:497,5
DA:505,94
DA:506,94
DA:507,4
DA:508,2
DA:509,2
DA:513,94
DA:517,3
DA:518,3
DA:519,2
DA:520,2
DA:521,2
DA:524,1
DA:534,19
DA:535,19
DA:536,19
DA:537,19
DA:539,18
DA:540,18
DA:541,18
DA:556,18
DA:557,18
DA:558,18
DA:559,18
DA:564,11
DA:565,11
DA:566,11
DA:567,11
DA:568,2
DA:569,1
DA:571,11
DA:575,167
DA:576,11
DA:577,11
DA:579,167
DA:580,167
DA:584,169
DA:585,16
DA:586,16
DA:588,169
DA:592,19
DA:593,19
DA:597,69
DA:598,69
DA:599,69
DA:600,69
DA:601,69
DA:605,86
DA:606,86
DA:607,66
DA:608,1
DA:610,66
DA:612,86
DA:613,86
DA:614,86
DA:615,86
DA:616,86
LF:286
LH:285
BRDA:18,0,0,138
BRDA:18,0,1,138
BRDA:23,1,0,138
BRDA:23,1,1,138
BRDA:59,2,0,1
BRDA:59,2,1,150
BRDA:59,3,0,151
BRDA:59,3,1,151
BRDA:106,4,0,1
BRDA:106,4,1,2
BRDA:128,5,0,1
BRDA:128,5,1,69
BRDA:128,6,0,70
BRDA:128,6,1,69
BRDA:132,7,0,69
BRDA:132,7,1,1
BRDA:142,8,0,3
BRDA:142,8,1,3
BRDA:149,9,0,3
BRDA:149,9,1,92
BRDA:150,10,0,4
BRDA:150,10,1,88
BRDA:173,11,0,1
BRDA:173,11,1,27
BRDA:176,12,0,0
BRDA:176,12,1,27
BRDA:185,13,0,4
BRDA:185,13,1,23
BRDA:201,14,0,22
BRDA:201,14,1,1
BRDA:206,15,0,1
BRDA:206,15,1,26
BRDA:221,16,0,1
BRDA:221,16,1,26
BRDA:230,17,0,1
BRDA:230,17,1,25
BRDA:237,18,0,3
BRDA:237,18,1,21
BRDA:267,19,0,2
BRDA:267,19,1,94
BRDA:295,20,0,26
BRDA:295,20,1,70
BRDA:297,21,0,0
BRDA:297,21,1,70
BRDA:306,22,0,0
BRDA:306,22,1,27
BRDA:309,23,0,0
BRDA:309,23,1,27
BRDA:312,24,0,26
BRDA:312,24,1,1
BRDA:323,25,0,50
BRDA:323,25,1,20
BRDA:331,26,0,1
BRDA:331,26,1,43
BRDA:336,27,0,3
BRDA:336,27,1,75
BRDA:337,28,0,16
BRDA:337,28,1,59
BRDA:338,29,0,16
BRDA:338,29,1,59
BRDA:345,30,0,1
BRDA:345,30,1,9
BRDA:353,31,0,1
BRDA:353,31,1,20
BRDA:362,32,0,2
BRDA:362,32,1,19
BRDA:385,33,0,9
BRDA:385,33,1,12
BRDA:385,34,0,2
BRDA:385,34,1,7
BRDA:391,35,0,2
BRDA:391,35,1,8
BRDA:393,36,0,8
BRDA:393,36,1,2
BRDA:401,37,0,2
BRDA:401,37,1,8
BRDA:402,38,0,7
BRDA:402,38,1,1
BRDA:414,39,0,8
BRDA:414,39,1,2
BRDA:428,40,0,2
BRDA:428,40,1,118
BRDA:428,41,0,120
BRDA:428,41,1,3
BRDA:450,42,0,3
BRDA:450,42,1,91
BRDA:451,43,0,3
BRDA:451,43,1,91
BRDA:455,44,0,3
BRDA:455,44,1,91
BRDA:457,45,0,3
BRDA:457,45,1,91
BRDA:466,46,0,1
BRDA:466,46,1,93
BRDA:473,47,0,3
BRDA:473,47,1,91
BRDA:477,48,0,1
BRDA:477,48,1,4
BRDA:481,49,0,3
BRDA:481,49,1,2
BRDA:486,50,0,1
BRDA:486,50,1,2
BRDA:490,51,0,2
BRDA:490,51,1,1
BRDA:494,52,0,7
BRDA:494,52,1,5
BRDA:494,53,0,12
BRDA:494,53,1,10
BRDA:507,54,0,2
BRDA:507,54,1,2
BRDA:507,55,0,4
BRDA:507,55,1,3
BRDA:518,56,0,2
BRDA:518,56,1,1
BRDA:537,57,0,1
BRDA:537,57,1,18
BRDA:568,58,0,1
BRDA:568,58,1,1
BRDA:575,59,0,11
BRDA:575,59,1,156
BRDA:606,60,0,66
BRDA:606,60,1,20
BRDA:607,61,0,1
BRDA:607,61,1,65
BRDA:612,62,0,84
BRDA:612,62,1,2
BRDA:613,63,0,84
BRDA:613,63,1,2
BRDA:614,64,0,84
BRDA:614,64,1,2
BRF:130
BRH:126
end_of_record
TN:
SF:packages/widget/src/panel-bulk.ts
FN:371,(anonymous_0)
FN:392,(anonymous_1)
FN:397,(anonymous_2)
FN:408,(anonymous_3)
FN:422,(anonymous_4)
FN:433,(anonymous_5)
FN:439,(anonymous_6)
FN:455,(anonymous_7)
FN:468,(anonymous_8)
FN:481,(anonymous_9)
FN:486,(anonymous_10)
FN:502,(anonymous_11)
FN:516,(anonymous_12)
FN:529,(anonymous_13)
FN:534,(anonymous_14)
FN:539,(anonymous_15)
FN:544,(anonymous_16)
FN:555,(anonymous_17)
FN:569,(anonymous_18)
FN:578,(anonymous_19)
FN:594,(anonymous_20)
FN:607,(anonymous_21)
FN:618,(anonymous_22)
FN:623,(anonymous_23)
FN:632,(anonymous_24)
FN:633,(anonymous_25)
FN:636,(anonymous_26)
FN:642,(anonymous_27)
FN:661,(anonymous_28)
FNF:29
FNH:28
FNDA:185,(anonymous_0)
FNDA:6,(anonymous_1)
FNDA:7,(anonymous_2)
FNDA:0,(anonymous_3)
FNDA:459,(anonymous_4)
FNDA:3,(anonymous_5)
FNDA:3,(anonymous_6)
FNDA:112,(anonymous_7)
FNDA:8,(anonymous_8)
FNDA:184,(anonymous_9)
FNDA:9,(anonymous_10)
FNDA:15,(anonymous_11)
FNDA:2,(anonymous_12)
FNDA:17,(anonymous_13)
FNDA:4,(anonymous_14)
FNDA:4,(anonymous_15)
FNDA:190,(anonymous_16)
FNDA:173,(anonymous_17)
FNDA:214,(anonymous_18)
FNDA:399,(anonymous_19)
FNDA:38,(anonymous_20)
FNDA:24,(anonymous_21)
FNDA:214,(anonymous_22)
FNDA:38,(anonymous_23)
FNDA:11,(anonymous_24)
FNDA:11,(anonymous_25)
FNDA:6,(anonymous_26)
FNDA:6,(anonymous_27)
FNDA:7,(anonymous_28)
DA:16,3
DA:18,3
DA:24,3
DA:32,3
DA:44,3
DA:361,185
DA:362,185
DA:366,185
DA:367,185
DA:368,185
DA:373,185
DA:376,185
DA:378,185
DA:379,185
DA:380,185
DA:383,185
DA:384,185
DA:387,185
DA:389,185
DA:390,185
DA:391,185
DA:392,185
DA:394,185
DA:395,185
DA:396,185
DA:397,185
DA:399,185
DA:400,185
DA:401,185
DA:402,185
DA:403,185
DA:408,185
DA:410,185
DA:411,185
DA:412,185
DA:414,185
DA:415,185
DA:418,185
DA:423,459
DA:424,459
DA:425,459
DA:426,459
DA:427,459
DA:430,459
DA:433,459
DA:434,3
DA:435,3
DA:439,459
DA:440,3
DA:441,2
DA:442,2
DA:443,2
DA:447,459
DA:448,459
DA:456,112
DA:458,112
DA:459,112
DA:460,112
DA:462,112
DA:463,112
DA:465,112
DA:466,112
DA:468,112
DA:470,8
DA:471,1
DA:473,7
DA:477,112
DA:482,184
DA:487,9
DA:489,8
DA:490,2
DA:492,6
DA:494,8
DA:495,8
DA:496,8
DA:497,8
DA:498,8
DA:503,15
DA:505,14
DA:506,24
DA:507,24
DA:508,24
DA:510,14
DA:511,14
DA:512,14
DA:517,2
DA:518,2
DA:519,2
DA:520,6
DA:521,6
DA:523,2
DA:524,2
DA:525,2
DA:530,17
DA:535,4
DA:540,4
DA:545,190
DA:546,190
DA:547,190
DA:549,190
DA:550,190
DA:551,190
DA:556,173
DA:557,173
DA:558,173
DA:560,173
DA:561,173
DA:570,214
DA:571,214
DA:573,214
DA:574,214
DA:575,214
DA:579,399
DA:582,399
DA:583,399
DA:584,399
DA:585,399
DA:588,399
DA:589,399
DA:590,399
DA:591,399
DA:595,38
DA:596,38
DA:598,37
DA:599,37
DA:600,37
DA:603,37
DA:604,37
DA:608,24
DA:610,9
DA:611,9
DA:612,9
DA:614,9
DA:615,9
DA:619,214
DA:620,213
DA:624,38
DA:625,37
DA:626,37
DA:627,37
DA:628,35
DA:633,11
DA:634,11
DA:635,11
DA:636,11
DA:637,6
DA:638,6
DA:643,6
DA:644,5
DA:646,5
DA:647,5
DA:648,5
DA:650,5
DA:651,5
DA:652,2
DA:654,3
DA:655,3
DA:657,5
DA:662,7
DA:663,6
DA:665,6
DA:666,6
DA:667,6
DA:669,6
DA:670,6
DA:671,3
DA:673,3
DA:674,3
DA:676,6
LF:169
LH:169
BRDA:376,0,0,167
BRDA:376,0,1,18
BRDA:440,1,0,2
BRDA:440,1,1,1
BRDA:440,2,0,3
BRDA:440,2,1,2
BRDA:470,3,0,1
BRDA:470,3,1,7
BRDA:470,4,0,8
BRDA:470,4,1,1
BRDA:487,5,0,1
BRDA:487,5,1,8
BRDA:489,6,0,2
BRDA:489,6,1,6
BRDA:503,7,0,1
BRDA:503,7,1,14
BRDA:584,8,0,20
BRDA:584,8,1,379
BRDA:590,9,0,20
BRDA:590,9,1,379
BRDA:596,10,0,1
BRDA:596,10,1,37
BRDA:604,11,0,29
BRDA:604,11,1,8
BRDA:608,12,0,15
BRDA:608,12,1,9
BRDA:610,13,0,9
BRDA:610,13,1,8
BRDA:615,14,0,8
BRDA:615,14,1,1
BRDA:619,15,0,1
BRDA:619,15,1,213
BRDA:624,16,0,1
BRDA:624,16,1,37
BRDA:627,17,0,35
BRDA:627,17,1,2
BRDA:643,18,0,1
BRDA:643,18,1,5
BRDA:643,19,0,6
BRDA:643,19,1,6
BRDA:662,20,0,1
BRDA:662,20,1,6
BRDA:662,21,0,7
BRDA:662,21,1,7
BRF:44
BRH:44
end_of_record
TN:
SF:packages/widget/src/panel-detail.ts
FN:613,parseBrowser
FN:639,formatFullDate
FN:655,extractPathname
FN:671,isSafeImageUrl
FN:684,truncate
FN:715,(anonymous_5)
FN:736,(anonymous_6)
FN:752,(anonymous_7)
FN:846,(anonymous_8)
FN:852,(anonymous_9)
FN:863,(anonymous_10)
FN:868,(anonymous_11)
FN:878,(anonymous_12)
FN:885,(anonymous_13)
FN:928,(anonymous_14)
FN:938,(anonymous_15)
FN:946,(anonymous_16)
FN:950,(anonymous_17)
FN:959,(anonymous_18)
FN:968,(anonymous_19)
FN:975,(anonymous_20)
FN:986,(anonymous_21)
FN:996,(anonymous_22)
FN:1007,(anonymous_23)
FN:1022,(anonymous_24)
FN:1032,(anonymous_25)
FN:1040,(anonymous_26)
FN:1048,(anonymous_27)
FN:1068,(anonymous_28)
FN:1079,(anonymous_29)
FN:1102,(anonymous_30)
FN:1120,(anonymous_31)
FN:1137,(anonymous_32)
FN:1142,(anonymous_33)
FN:1154,(anonymous_34)
FNF:35
FNH:35
FNDA:79,parseBrowser
FNDA:81,formatFullDate
FNDA:79,extractPathname
FNDA:5,isSafeImageUrl
FNDA:98,truncate
FNDA:248,(anonymous_5)
FNDA:2,(anonymous_6)
FNDA:81,(anonymous_7)
FNDA:79,(anonymous_8)
FNDA:274,(anonymous_9)
FNDA:12,(anonymous_10)
FNDA:251,(anonymous_11)
FNDA:259,(anonymous_12)
FNDA:79,(anonymous_13)
FNDA:8,(anonymous_14)
FNDA:6,(anonymous_15)
FNDA:79,(anonymous_16)
FNDA:79,(anonymous_17)
FNDA:79,(anonymous_18)
FNDA:79,(anonymous_19)
FNDA:79,(anonymous_20)
FNDA:79,(anonymous_21)
FNDA:2,(anonymous_22)
FNDA:397,(anonymous_23)
FNDA:21,(anonymous_24)
FNDA:19,(anonymous_25)
FNDA:19,(anonymous_26)
FNDA:19,(anonymous_27)
FNDA:3,(anonymous_28)
FNDA:57,(anonymous_29)
FNDA:10,(anonymous_30)
FNDA:8,(anonymous_31)
FNDA:14,(anonymous_32)
FNDA:3,(anonymous_33)
FNDA:2,(anonymous_34)
DA:20,3
DA:22,3
DA:24,3
DA:26,3
DA:28,3
DA:30,3
DA:32,3
DA:34,3
DA:36,3
DA:38,3
DA:40,3
DA:46,3
DA:70,3
DA:101,3
DA:615,79
DA:616,2
DA:617,2
DA:619,77
DA:620,2
DA:621,2
DA:623,75
DA:624,2
DA:625,2
DA:627,73
DA:628,59
DA:629,59
DA:631,14
DA:632,2
DA:633,2
DA:635,12
DA:640,81
DA:641,81
DA:642,81
DA:650,1
DA:656,79
DA:657,79
DA:659,1
DA:675,5
DA:679,4
DA:680,3
DA:685,98
DA:686,2
DA:707,248
DA:708,248
DA:711,248
DA:712,248
DA:713,248
DA:716,248
DA:717,248
DA:720,248
DA:723,248
DA:724,248
DA:725,248
DA:726,248
DA:729,248
DA:731,248
DA:732,248
DA:733,248
DA:734,248
DA:735,248
DA:736,248
DA:737,2
DA:738,2
DA:741,248
DA:742,248
DA:747,248
DA:748,248
DA:753,81
DA:754,81
DA:757,81
DA:758,81
DA:760,80
DA:761,80
DA:762,79
DA:764,79
DA:765,79
DA:766,79
DA:768,79
DA:769,79
DA:770,79
DA:771,79
DA:772,79
DA:775,79
DA:777,79
DA:780,79
DA:781,79
DA:782,79
DA:785,79
DA:786,79
DA:787,79
DA:788,79
DA:790,79
DA:791,79
DA:792,79
DA:793,79
DA:794,79
DA:797,79
DA:798,2
DA:799,2
DA:800,2
DA:801,2
DA:803,2
DA:804,2
DA:805,2
DA:806,2
DA:807,2
DA:811,2
DA:812,2
DA:813,2
DA:817,79
DA:818,79
DA:819,79
DA:820,79
DA:821,79
DA:822,79
DA:825,79
DA:826,20
DA:827,20
DA:828,20
DA:829,20
DA:830,20
DA:831,20
DA:832,20
DA:833,20
DA:834,20
DA:838,79
DA:839,79
DA:842,79
DA:843,79
DA:846,79
DA:847,79
DA:853,274
DA:854,75
DA:855,75
DA:856,75
DA:857,75
DA:858,75
DA:859,75
DA:864,12
DA:869,251
DA:870,251
DA:879,259
DA:880,259
DA:881,259
DA:886,79
DA:889,79
DA:890,79
DA:891,79
DA:894,79
DA:895,79
DA:898,79
DA:899,79
DA:900,79
DA:901,79
DA:902,79
DA:904,79
DA:905,79
DA:906,79
DA:907,79
DA:910,79
DA:913,79
DA:914,79
DA:915,79
DA:916,6
DA:917,6
DA:918,6
DA:919,6
DA:920,6
DA:922,73
DA:923,73
DA:924,73
DA:925,73
DA:926,73
DA:928,79
DA:931,79
DA:932,79
DA:933,79
DA:934,79
DA:935,79
DA:936,79
DA:937,79
DA:938,79
DA:940,79
DA:941,79
DA:942,79
DA:947,79
DA:950,79
DA:951,79
DA:952,79
DA:953,79
DA:954,79
DA:955,79
DA:959,79
DA:960,79
DA:961,79
DA:962,79
DA:963,79
DA:964,79
DA:968,79
DA:969,79
DA:970,79
DA:971,79
DA:975,79
DA:976,79
DA:977,79
DA:978,79
DA:982,79
DA:987,79
DA:988,79
DA:989,79
DA:994,79
DA:995,2
DA:996,2
DA:997,2
DA:998,2
DA:999,2
DA:1003,79
DA:1008,397
DA:1009,397
DA:1011,397
DA:1012,397
DA:1013,397
DA:1014,397
DA:1015,397
DA:1017,397
DA:1018,397
DA:1023,21
DA:1024,21
DA:1026,19
DA:1029,19
DA:1032,19
DA:1033,19
DA:1034,19
DA:1035,19
DA:1036,19
DA:1040,19
DA:1041,19
DA:1042,19
DA:1043,19
DA:1044,19
DA:1048,19
DA:1049,19
DA:1050,19
DA:1055,19
DA:1058,19
DA:1061,19
DA:1062,19
DA:1063,19
DA:1064,19
DA:1065,19
DA:1066,19
DA:1067,19
DA:1068,19
DA:1069,3
DA:1070,2
DA:1074,19
DA:1075,19
DA:1085,57
DA:1086,57
DA:1088,57
DA:1089,57
DA:1090,57
DA:1091,57
DA:1092,57
DA:1094,57
DA:1095,57
DA:1103,10
DA:1104,9
DA:1106,9
DA:1107,9
DA:1109,9
DA:1110,9
DA:1114,3
DA:1115,3
DA:1116,3
DA:1121,8
DA:1122,7
DA:1124,7
DA:1125,7
DA:1127,7
DA:1128,7
DA:1131,2
DA:1132,2
DA:1133,2
DA:1138,14
DA:1139,14
DA:1143,3
DA:1144,2
DA:1145,2
DA:1147,2
DA:1148,2
DA:1149,2
DA:1150,2
DA:1151,2
DA:1155,2
DA:1156,1
DA:1157,1
DA:1158,1
DA:1159,1
DA:1160,1
DA:1161,1
LF:301
LH:301
BRDA:615,0,0,2
BRDA:615,0,1,77
BRDA:617,1,0,1
BRDA:617,1,1,1
BRDA:619,2,0,2
BRDA:619,2,1,75
BRDA:619,3,0,77
BRDA:619,3,1,76
BRDA:621,4,0,1
BRDA:621,4,1,1
BRDA:623,5,0,2
BRDA:623,5,1,73
BRDA:625,6,0,1
BRDA:625,6,1,1
BRDA:627,7,0,59
BRDA:627,7,1,14
BRDA:627,8,0,73
BRDA:627,8,1,59
BRDA:629,9,0,58
BRDA:629,9,1,1
BRDA:631,10,0,2
BRDA:631,10,1,12
BRDA:631,11,0,14
BRDA:631,11,1,2
BRDA:633,12,0,1
BRDA:633,12,1,1
BRDA:675,13,0,1
BRDA:675,13,1,4
BRDA:679,14,0,1
BRDA:679,14,1,3
BRDA:685,15,0,96
BRDA:685,15,1,2
BRDA:720,16,0,170
BRDA:720,16,1,78
BRDA:758,17,0,1
BRDA:758,17,1,80
BRDA:761,18,0,1
BRDA:761,18,1,79
BRDA:797,19,0,2
BRDA:797,19,1,77
BRDA:797,20,0,79
BRDA:797,20,1,5
BRDA:825,21,0,20
BRDA:825,21,1,59
BRDA:853,22,0,199
BRDA:853,22,1,75
BRDA:896,23,0,6
BRDA:896,23,1,73
BRDA:899,24,0,6
BRDA:899,24,1,73
BRDA:902,25,0,6
BRDA:902,25,1,73
BRDA:904,26,0,6
BRDA:904,26,1,73
BRDA:915,27,0,6
BRDA:915,27,1,73
BRDA:961,28,0,79
BRDA:961,28,1,1
BRDA:963,29,0,77
BRDA:963,29,1,2
BRDA:970,30,0,14
BRDA:970,30,1,65
BRDA:977,31,0,79
BRDA:977,31,1,1
BRDA:994,32,0,2
BRDA:994,32,1,77
BRDA:998,33,0,1
BRDA:998,33,1,1
BRDA:1024,34,0,2
BRDA:1024,34,1,19
BRDA:1034,35,0,1
BRDA:1034,35,1,18
BRDA:1053,36,0,18
BRDA:1053,36,1,1
BRDA:1053,37,0,19
BRDA:1053,37,1,1
BRDA:1069,38,0,2
BRDA:1069,38,1,1
BRDA:1103,39,0,1
BRDA:1103,39,1,9
BRDA:1103,40,0,10
BRDA:1103,40,1,10
BRDA:1106,41,0,8
BRDA:1106,41,1,1
BRDA:1107,42,0,8
BRDA:1107,42,1,1
BRDA:1115,43,0,2
BRDA:1115,43,1,1
BRDA:1116,44,0,2
BRDA:1116,44,1,1
BRDA:1121,45,0,1
BRDA:1121,45,1,7
BRDA:1121,46,0,8
BRDA:1121,46,1,8
BRDA:1124,47,0,6
BRDA:1124,47,1,1
BRDA:1125,48,0,6
BRDA:1125,48,1,1
BRDA:1132,49,0,1
BRDA:1132,49,1,1
BRDA:1133,50,0,1
BRDA:1133,50,1,1
BRDA:1143,51,0,1
BRDA:1143,51,1,2
BRDA:1148,52,0,1
BRDA:1148,52,1,1
BRDA:1150,53,0,1
BRDA:1150,53,1,1
BRDA:1155,54,0,1
BRDA:1155,54,1,1
BRF:110
BRH:110
end_of_record
TN:
SF:packages/widget/src/panel-sort.ts
FN:73,sortFeedbacks
FN:78,(anonymous_1)
FN:82,(anonymous_2)
FN:86,(anonymous_3)
FN:96,(anonymous_4)
FN:118,extractPathname
FN:127,truncatePath
FN:139,groupFeedbacksByPage
FN:153,(anonymous_8)
FN:166,createPageGroupHeader
FN:200,(anonymous_10)
FN:212,(anonymous_11)
FN:239,(anonymous_12)
FN:260,(anonymous_13)
FN:277,(anonymous_14)
FN:288,(anonymous_15)
FN:292,(anonymous_16)
FN:296,(anonymous_17)
FN:304,(anonymous_18)
FN:330,(anonymous_19)
FN:345,(anonymous_20)
FN:346,(anonymous_21)
FN:355,(anonymous_22)
FN:363,(anonymous_23)
FN:375,(anonymous_24)
FN:386,(anonymous_25)
FNF:26
FNH:26
FNDA:116,sortFeedbacks
FNDA:477,(anonymous_1)
FNDA:4,(anonymous_2)
FNDA:11,(anonymous_3)
FNDA:6,(anonymous_4)
FNDA:7,extractPathname
FNDA:7,truncatePath
FNDA:2,groupFeedbacksByPage
FNDA:3,(anonymous_8)
FNDA:7,createPageGroupHeader
FNDA:4,(anonymous_10)
FNDA:3,(anonymous_11)
FNDA:177,(anonymous_12)
FNDA:8,(anonymous_13)
FNDA:2,(anonymous_14)
FNDA:113,(anonymous_15)
FNDA:112,(anonymous_16)
FNDA:8,(anonymous_17)
FNDA:7,(anonymous_18)
FNDA:2,(anonymous_19)
FNDA:7,(anonymous_20)
FNDA:4,(anonymous_21)
FNDA:2,(anonymous_22)
FNDA:180,(anonymous_23)
FNDA:2,(anonymous_24)
FNDA:174,(anonymous_25)
DA:27,3
DA:29,3
DA:31,3
DA:37,3
DA:47,3
DA:65,3
DA:74,116
DA:76,116
DA:78,477
DA:79,112
DA:82,4
DA:83,1
DA:86,2
DA:87,11
DA:88,11
DA:89,11
DA:91,2
DA:93,2
DA:96,1
DA:98,6
DA:99,6
DA:100,6
DA:102,2
DA:104,1
DA:107,116
DA:119,7
DA:120,7
DA:122,1
DA:128,7
DA:129,1
DA:130,1
DA:131,1
DA:140,2
DA:142,2
DA:143,7
DA:144,7
DA:145,7
DA:146,2
DA:148,5
DA:153,3
DA:155,2
DA:167,7
DA:168,7
DA:169,7
DA:170,7
DA:171,7
DA:174,7
DA:175,7
DA:176,7
DA:179,7
DA:180,7
DA:181,7
DA:184,7
DA:185,7
DA:186,7
DA:187,7
DA:188,1
DA:190,7
DA:193,7
DA:194,7
DA:195,7
DA:196,7
DA:197,7
DA:200,7
DA:201,4
DA:202,4
DA:203,4
DA:205,4
DA:206,4
DA:207,3
DA:211,7
DA:212,7
DA:213,3
DA:214,2
DA:215,2
DA:219,7
DA:229,177
DA:230,177
DA:231,177
DA:237,177
DA:240,177
DA:241,177
DA:242,177
DA:244,177
DA:247,177
DA:248,177
DA:249,177
DA:250,177
DA:251,177
DA:253,177
DA:254,177
DA:256,177
DA:257,177
DA:258,177
DA:260,177
DA:261,8
DA:262,8
DA:266,177
DA:267,177
DA:268,177
DA:270,177
DA:271,177
DA:273,177
DA:274,177
DA:275,177
DA:277,177
DA:278,2
DA:279,2
DA:280,2
DA:281,2
DA:284,177
DA:285,177
DA:289,113
DA:293,112
DA:297,8
DA:298,1
DA:299,1
DA:301,7
DA:305,7
DA:306,7
DA:307,7
DA:308,7
DA:310,7
DA:317,7
DA:318,28
DA:319,28
DA:320,28
DA:321,28
DA:323,28
DA:324,7
DA:325,7
DA:328,28
DA:330,28
DA:331,2
DA:332,2
DA:333,2
DA:334,2
DA:335,2
DA:338,28
DA:342,7
DA:345,7
DA:346,7
DA:347,4
DA:348,2
DA:351,7
DA:355,7
DA:356,2
DA:357,1
DA:358,1
DA:364,180
DA:365,7
DA:366,7
DA:368,180
DA:369,180
DA:370,6
DA:371,6
DA:376,2
DA:382,2
DA:383,2
DA:387,174
DA:395,3
LF:161
LH:161
BRDA:76,0,0,112
BRDA:76,0,1,1
BRDA:76,0,2,2
BRDA:76,0,3,1
BRDA:87,1,0,11
BRDA:87,1,1,1
BRDA:88,2,0,11
BRDA:88,2,1,4
BRDA:89,3,0,9
BRDA:89,3,1,2
BRDA:98,4,0,3
BRDA:98,4,1,3
BRDA:99,5,0,3
BRDA:99,5,1,3
BRDA:100,6,0,4
BRDA:100,6,1,2
BRDA:128,7,0,6
BRDA:128,7,1,1
BRDA:145,8,0,2
BRDA:145,8,1,5
BRDA:187,9,0,1
BRDA:187,9,1,6
BRDA:206,10,0,3
BRDA:206,10,1,1
BRDA:213,11,0,2
BRDA:213,11,1,1
BRDA:213,12,0,3
BRDA:213,12,1,2
BRDA:242,13,0,167
BRDA:242,13,1,10
BRDA:297,14,0,1
BRDA:297,14,1,7
BRDA:319,15,0,7
BRDA:319,15,1,21
BRDA:323,16,0,7
BRDA:323,16,1,21
BRDA:347,17,0,2
BRDA:347,17,1,2
BRDA:347,18,0,4
BRDA:347,18,1,4
BRDA:356,19,0,1
BRDA:356,19,1,1
BRDA:364,20,0,7
BRDA:364,20,1,173
BRDA:369,21,0,6
BRDA:369,21,1,174
BRDA:383,22,0,1
BRDA:383,22,1,1
BRF:48
BRH:48
end_of_record
TN:
SF:packages/widget/src/panel-stats.ts
FN:132,(anonymous_0)
FN:200,(anonymous_1)
FN:227,(anonymous_2)
FNF:3
FNH:3
FNDA:179,(anonymous_0)
FNDA:193,(anonymous_1)
FNDA:115,(anonymous_2)
DA:9,3
DA:16,3
DA:27,3
DA:133,179
DA:136,179
DA:138,179
DA:139,179
DA:140,179
DA:143,179
DA:146,179
DA:147,179
DA:148,179
DA:149,179
DA:150,179
DA:151,179
DA:152,179
DA:153,179
DA:154,179
DA:155,179
DA:158,179
DA:159,179
DA:160,179
DA:161,179
DA:162,179
DA:163,179
DA:164,179
DA:165,179
DA:166,179
DA:167,179
DA:170,179
DA:171,179
DA:172,179
DA:173,179
DA:174,179
DA:175,179
DA:176,179
DA:177,179
DA:178,179
DA:179,179
DA:181,179
DA:182,179
DA:183,179
DA:186,179
DA:187,179
DA:188,179
DA:189,179
DA:190,179
DA:191,179
DA:192,179
DA:193,179
DA:195,179
DA:196,179
DA:202,193
DA:203,78
DA:204,78
DA:206,115
DA:208,115
DA:209,115
DA:210,115
DA:212,115
DA:213,433
DA:214,433
DA:215,433
DA:218,115
DA:219,115
DA:220,115
DA:223,115
DA:224,115
DA:227,115
DA:228,115
DA:231,115
DA:232,115
LF:72
LH:72
BRDA:136,0,0,168
BRDA:136,0,1,11
BRDA:202,1,0,78
BRDA:202,1,1,115
BRDA:213,2,0,423
BRDA:213,2,1,10
BRDA:214,3,0,10
BRDA:214,3,1,423
BRDA:215,4,0,431
BRDA:215,4,1,2
BRDA:224,5,0,114
BRDA:224,5,1,1
BRF:12
BRH:12
end_of_record
TN:
SF:packages/widget/src/panel.ts
FN:96,(anonymous_0)
FN:109,(anonymous_1)
FN:126,(anonymous_2)
FN:135,(anonymous_3)
FN:138,(anonymous_4)
FN:164,(anonymous_5)
FN:166,(anonymous_6)
FN:166,(anonymous_7)
FN:180,(anonymous_8)
FN:195,(anonymous_9)
FN:196,(anonymous_10)
FN:206,(anonymous_11)
FN:207,(anonymous_12)
FN:213,(anonymous_13)
FN:219,(anonymous_14)
FN:236,(anonymous_15)
FN:240,(anonymous_16)
FN:245,(anonymous_17)
FN:248,(anonymous_18)
FN:253,(anonymous_19)
FN:256,(anonymous_20)
FN:257,(anonymous_21)
FN:278,(anonymous_22)
FN:291,(anonymous_23)
FN:304,(anonymous_24)
FN:308,(anonymous_25)
FN:317,(anonymous_26)
FN:326,(anonymous_27)
FN:335,(anonymous_28)
FN:344,(anonymous_29)
FN:353,(anonymous_30)
FN:362,(anonymous_31)
FN:367,(anonymous_32)
FN:398,(anonymous_33)
FN:410,(anonymous_34)
FN:419,(anonymous_35)
FN:428,(anonymous_36)
FN:441,(anonymous_37)
FN:452,(anonymous_38)
FN:463,(anonymous_39)
FN:463,(anonymous_40)
FN:469,(anonymous_41)
FN:513,(anonymous_42)
FN:522,(anonymous_43)
FN:563,(anonymous_44)
FN:574,(anonymous_45)
FN:592,(anonymous_46)
FN:615,(anonymous_47)
FN:629,(anonymous_48)
FN:629,(anonymous_49)
FN:635,(anonymous_50)
FN:693,(anonymous_51)
FN:743,(anonymous_52)
FN:745,(anonymous_53)
FN:753,(anonymous_54)
FN:755,(anonymous_55)
FN:768,(anonymous_56)
FN:787,(anonymous_57)
FN:788,(anonymous_58)
FN:821,(anonymous_59)
FN:827,(anonymous_60)
FN:834,(anonymous_61)
FN:852,(anonymous_62)
FN:853,(anonymous_63)
FN:854,(anonymous_64)
FN:869,(anonymous_65)
FN:877,(anonymous_66)
FN:878,(anonymous_67)
FN:881,(anonymous_68)
FN:887,(anonymous_69)
FN:902,(anonymous_70)
FN:917,(anonymous_71)
FN:965,(anonymous_72)
FN:975,(anonymous_73)
FN:976,(anonymous_74)
FN:1004,(anonymous_75)
FN:1035,(anonymous_76)
FN:1045,(anonymous_77)
FN:1046,(anonymous_78)
FN:1054,(anonymous_79)
FN:1062,(anonymous_80)
FN:1074,(anonymous_81)
FN:1079,(anonymous_82)
FN:1082,(anonymous_83)
FN:1131,(anonymous_84)
FN:1132,(anonymous_85)
FN:1140,(anonymous_86)
FN:1141,(anonymous_87)
FN:1168,(anonymous_88)
FN:1177,(anonymous_89)
FN:1186,(anonymous_90)
FN:1211,(anonymous_91)
FN:1212,(anonymous_92)
FN:1222,(anonymous_93)
FN:1224,(anonymous_94)
FN:1225,(anonymous_95)
FN:1256,(anonymous_96)
FN:1265,(anonymous_97)
FN:1273,(anonymous_98)
FN:1287,(anonymous_99)
FN:1292,(anonymous_100)
FN:1295,(anonymous_101)
FN:1303,(anonymous_102)
FN:1312,(anonymous_103)
FN:1319,(anonymous_104)
FN:1323,(anonymous_105)
FNF:106
FNH:96
FNDA:170,(anonymous_0)
FNDA:561,(anonymous_1)
FNDA:1,(anonymous_2)
FNDA:13,(anonymous_3)
FNDA:1,(anonymous_4)
FNDA:5,(anonymous_5)
FNDA:4,(anonymous_6)
FNDA:0,(anonymous_7)
FNDA:1,(anonymous_8)
FNDA:3,(anonymous_9)
FNDA:3,(anonymous_10)
FNDA:1,(anonymous_11)
FNDA:2,(anonymous_12)
FNDA:1,(anonymous_13)
FNDA:1,(anonymous_14)
FNDA:13,(anonymous_15)
FNDA:6,(anonymous_16)
FNDA:1,(anonymous_17)
FNDA:5,(anonymous_18)
FNDA:1,(anonymous_19)
FNDA:1,(anonymous_20)
FNDA:2,(anonymous_21)
FNDA:49,(anonymous_22)
FNDA:21,(anonymous_23)
FNDA:1,(anonymous_24)
FNDA:1,(anonymous_25)
FNDA:10,(anonymous_26)
FNDA:5,(anonymous_27)
FNDA:3,(anonymous_28)
FNDA:3,(anonymous_29)
FNDA:2,(anonymous_30)
FNDA:2,(anonymous_31)
FNDA:52,(anonymous_32)
FNDA:1,(anonymous_33)
FNDA:154,(anonymous_34)
FNDA:153,(anonymous_35)
FNDA:12,(anonymous_36)
FNDA:173,(anonymous_37)
FNDA:6,(anonymous_38)
FNDA:1,(anonymous_39)
FNDA:0,(anonymous_40)
FNDA:198,(anonymous_41)
FNDA:331,(anonymous_42)
FNDA:10,(anonymous_43)
FNDA:90,(anonymous_44)
FNDA:188,(anonymous_45)
FNDA:424,(anonymous_46)
FNDA:421,(anonymous_47)
FNDA:10,(anonymous_48)
FNDA:1,(anonymous_49)
FNDA:424,(anonymous_50)
FNDA:424,(anonymous_51)
FNDA:3,(anonymous_52)
FNDA:4,(anonymous_53)
FNDA:3,(anonymous_54)
FNDA:4,(anonymous_55)
FNDA:13,(anonymous_56)
FNDA:13,(anonymous_57)
FNDA:13,(anonymous_58)
FNDA:9,(anonymous_59)
FNDA:8,(anonymous_60)
FNDA:4,(anonymous_61)
FNDA:4,(anonymous_62)
FNDA:3,(anonymous_63)
FNDA:9,(anonymous_64)
FNDA:13,(anonymous_65)
FNDA:25,(anonymous_66)
FNDA:42,(anonymous_67)
FNDA:7,(anonymous_68)
FNDA:8,(anonymous_69)
FNDA:9,(anonymous_70)
FNDA:170,(anonymous_71)
FNDA:18,(anonymous_72)
FNDA:182,(anonymous_73)
FNDA:209,(anonymous_74)
FNDA:17,(anonymous_75)
FNDA:12,(anonymous_76)
FNDA:17,(anonymous_77)
FNDA:1078,(anonymous_78)
FNDA:2,(anonymous_79)
FNDA:187,(anonymous_80)
FNDA:12,(anonymous_81)
FNDA:0,(anonymous_82)
FNDA:170,(anonymous_83)
FNDA:3,(anonymous_84)
FNDA:7,(anonymous_85)
FNDA:7,(anonymous_86)
FNDA:21,(anonymous_87)
FNDA:9,(anonymous_88)
FNDA:0,(anonymous_89)
FNDA:170,(anonymous_90)
FNDA:3,(anonymous_91)
FNDA:0,(anonymous_92)
FNDA:0,(anonymous_93)
FNDA:0,(anonymous_94)
FNDA:0,(anonymous_95)
FNDA:3,(anonymous_96)
FNDA:0,(anonymous_97)
FNDA:368,(anonymous_98)
FNDA:13,(anonymous_99)
FNDA:11,(anonymous_100)
FNDA:3,(anonymous_101)
FNDA:1,(anonymous_102)
FNDA:2,(anonymous_103)
FNDA:0,(anonymous_104)
FNDA:172,(anonymous_105)
DA:50,170
DA:51,170
DA:54,170
DA:55,170
DA:65,170
DA:66,170
DA:67,170
DA:68,170
DA:69,170
DA:70,170
DA:71,170
DA:73,170
DA:92,170
DA:98,170
DA:99,170
DA:100,170
DA:101,170
DA:102,170
DA:103,170
DA:104,170
DA:107,170
DA:108,170
DA:109,561
DA:110,170
DA:112,170
DA:113,170
DA:114,170
DA:115,170
DA:118,170
DA:119,170
DA:120,170
DA:122,170
DA:123,170
DA:124,170
DA:125,170
DA:126,170
DA:128,170
DA:129,170
DA:130,170
DA:131,170
DA:132,170
DA:133,170
DA:134,170
DA:135,170
DA:138,170
DA:139,170
DA:141,170
DA:142,170
DA:143,170
DA:144,170
DA:146,170
DA:147,170
DA:150,170
DA:153,170
DA:156,170
DA:157,170
DA:158,170
DA:159,170
DA:160,170
DA:161,170
DA:162,170
DA:163,170
DA:164,170
DA:165,5
DA:166,5
DA:168,170
DA:169,170
DA:174,170
DA:175,170
DA:176,170
DA:177,170
DA:180,170
DA:182,170
DA:183,170
DA:184,170
DA:187,170
DA:188,170
DA:189,170
DA:192,170
DA:195,3
DA:196,3
DA:200,170
DA:203,170
DA:206,1
DA:208,2
DA:209,2
DA:210,2
DA:211,2
DA:214,1
DA:215,1
DA:216,1
DA:217,1
DA:220,1
DA:221,1
DA:222,1
DA:223,1
DA:224,1
DA:232,170
DA:233,170
DA:237,13
DA:238,13
DA:241,6
DA:242,6
DA:243,4
DA:244,4
DA:245,4
DA:249,5
DA:250,5
DA:251,4
DA:252,4
DA:253,4
DA:256,1
DA:258,2
DA:259,2
DA:266,170
DA:267,170
DA:268,170
DA:269,170
DA:270,170
DA:271,170
DA:272,170
DA:273,170
DA:274,170
DA:278,170
DA:279,49
DA:282,49
DA:285,42
DA:286,42
DA:287,22
DA:288,22
DA:289,22
DA:290,21
DA:291,21
DA:292,21
DA:294,20
DA:295,20
DA:296,6
DA:297,6
DA:298,5
DA:299,5
DA:300,5
DA:301,14
DA:302,7
DA:303,6
DA:304,6
DA:305,7
DA:306,6
DA:307,5
DA:308,5
DA:310,17
DA:314,20
DA:315,20
DA:316,10
DA:317,10
DA:318,10
DA:319,9
DA:320,9
DA:324,170
DA:326,170
DA:327,5
DA:328,5
DA:329,4
DA:330,4
DA:332,4
DA:333,3
DA:334,3
DA:335,3
DA:336,3
DA:337,2
DA:338,2
DA:341,170
DA:344,170
DA:345,3
DA:346,3
DA:347,3
DA:348,2
DA:349,2
DA:351,170
DA:353,170
DA:354,2
DA:356,2
DA:357,1
DA:359,170
DA:362,170
DA:363,2
DA:367,170
DA:368,52
DA:369,52
DA:371,4
DA:372,1
DA:373,1
DA:375,3
DA:376,3
DA:378,48
DA:379,6
DA:382,6
DA:383,5
DA:384,5
DA:385,5
DA:386,5
DA:387,5
DA:388,1
DA:389,1
DA:390,4
DA:391,1
DA:392,1
DA:398,170
DA:399,1
DA:401,170
DA:411,154
DA:412,153
DA:413,153
DA:414,153
DA:415,153
DA:416,153
DA:417,153
DA:419,153
DA:420,153
DA:421,153
DA:423,0
DA:429,12
DA:430,11
DA:431,11
DA:432,11
DA:433,11
DA:434,11
DA:435,11
DA:437,11
DA:438,11
DA:442,173
DA:443,173
DA:444,173
DA:445,173
DA:446,173
DA:447,173
DA:448,173
DA:449,173
DA:453,6
DA:454,6
DA:455,6
DA:456,6
DA:457,6
DA:458,6
DA:459,6
DA:460,6
DA:461,6
DA:462,6
DA:463,6
DA:464,6
DA:465,6
DA:466,6
DA:471,198
DA:472,198
DA:473,198
DA:476,198
DA:478,198
DA:479,198
DA:480,198
DA:482,198
DA:484,198
DA:485,198
DA:489,198
DA:490,198
DA:491,198
DA:492,198
DA:493,195
DA:494,3
DA:495,1
DA:499,198
DA:500,198
DA:502,198
DA:503,198
DA:504,190
DA:505,184
DA:506,184
DA:507,184
DA:508,184
DA:509,184
DA:513,331
DA:514,184
DA:516,8
DA:517,7
DA:518,7
DA:523,10
DA:524,9
DA:528,9
DA:530,9
DA:531,9
DA:532,9
DA:533,9
DA:535,9
DA:536,9
DA:540,9
DA:541,9
DA:542,9
DA:543,9
DA:544,9
DA:545,0
DA:546,0
DA:550,9
DA:552,9
DA:554,8
DA:555,8
DA:556,4
DA:557,3
DA:558,3
DA:559,3
DA:560,3
DA:561,3
DA:562,3
DA:563,90
DA:565,3
DA:567,4
DA:568,4
DA:570,8
DA:575,188
DA:577,188
DA:578,77
DA:579,77
DA:580,77
DA:581,77
DA:582,77
DA:583,77
DA:584,77
DA:585,77
DA:589,111
DA:592,424
DA:593,111
DA:594,111
DA:596,111
DA:598,1
DA:599,1
DA:600,1
DA:601,2
DA:602,2
DA:604,2
DA:605,2
DA:606,3
DA:607,3
DA:608,3
DA:609,3
DA:611,2
DA:615,110
DA:616,421
DA:617,421
DA:618,421
DA:623,111
DA:624,111
DA:625,12
DA:626,12
DA:627,12
DA:628,12
DA:629,12
DA:630,12
DA:631,12
DA:636,424
DA:637,424
DA:639,424
DA:642,424
DA:643,424
DA:644,424
DA:648,424
DA:651,424
DA:652,424
DA:655,424
DA:658,424
DA:661,424
DA:662,424
DA:664,424
DA:665,424
DA:667,424
DA:668,424
DA:669,424
DA:670,424
DA:671,424
DA:673,424
DA:674,424
DA:676,424
DA:677,424
DA:678,424
DA:681,424
DA:682,424
DA:685,424
DA:686,424
DA:687,424
DA:688,424
DA:689,424
DA:690,424
DA:693,424
DA:694,424
DA:695,1
DA:700,424
DA:702,424
DA:703,424
DA:704,424
DA:705,424
DA:706,4
DA:707,4
DA:708,4
DA:709,4
DA:711,420
DA:712,420
DA:713,420
DA:714,420
DA:717,424
DA:718,424
DA:719,424
DA:720,424
DA:721,424
DA:722,424
DA:723,424
DA:725,424
DA:726,424
DA:728,424
DA:729,424
DA:730,424
DA:731,424
DA:733,424
DA:734,424
DA:736,424
DA:744,3
DA:745,4
DA:746,1
DA:748,2
DA:749,2
DA:754,3
DA:755,4
DA:756,2
DA:757,1
DA:759,2
DA:760,2
DA:769,13
DA:773,8
DA:775,3
DA:776,3
DA:777,3
DA:778,1
DA:779,1
DA:781,2
DA:783,3
DA:788,13
DA:789,13
DA:791,13
DA:792,13
DA:794,13
DA:795,13
DA:796,13
DA:797,13
DA:798,13
DA:800,13
DA:801,13
DA:802,13
DA:804,13
DA:805,13
DA:806,13
DA:808,13
DA:810,13
DA:811,13
DA:812,13
DA:813,13
DA:815,13
DA:816,13
DA:817,13
DA:818,13
DA:820,13
DA:821,13
DA:822,9
DA:823,8
DA:824,8
DA:825,8
DA:826,8
DA:827,8
DA:828,8
DA:829,8
DA:834,13
DA:835,4
DA:836,4
DA:837,1
DA:838,1
DA:840,3
DA:841,2
DA:842,2
DA:843,2
DA:844,1
DA:846,1
DA:850,13
DA:852,13
DA:853,13
DA:854,13
DA:855,9
DA:858,13
DA:859,13
DA:860,13
DA:861,13
DA:862,13
DA:863,13
DA:865,13
DA:869,13
DA:870,13
DA:871,13
DA:872,13
DA:878,42
DA:879,25
DA:880,25
DA:881,20
DA:882,7
DA:883,7
DA:888,8
DA:889,8
DA:890,6
DA:891,6
DA:892,4
DA:893,4
DA:895,2
DA:896,2
DA:898,6
DA:903,9
DA:904,9
DA:905,7
DA:906,7
DA:907,7
DA:908,5
DA:910,2
DA:911,2
DA:913,7
DA:918,170
DA:956,170
DA:958,170
DA:959,170
DA:960,170
DA:961,170
DA:962,170
DA:963,170
DA:965,170
DA:966,18
DA:967,18
DA:968,17
DA:971,170
DA:972,170
DA:976,209
DA:977,182
DA:979,182
DA:980,182
DA:981,182
DA:982,182
DA:983,182
DA:984,182
DA:986,182
DA:987,182
DA:988,182
DA:990,182
DA:991,182
DA:992,182
DA:993,182
DA:994,182
DA:995,182
DA:996,182
DA:997,182
DA:999,182
DA:1000,182
DA:1001,182
DA:1005,17
DA:1006,17
DA:1007,17
DA:1008,17
DA:1010,17
DA:1011,85
DA:1012,85
DA:1013,85
DA:1014,85
DA:1015,85
DA:1016,85
DA:1017,85
DA:1018,85
DA:1019,85
DA:1021,85
DA:1022,85
DA:1023,85
DA:1025,85
DA:1026,85
DA:1027,85
DA:1029,85
DA:1030,17
DA:1031,17
DA:1032,17
DA:1035,85
DA:1036,12
DA:1037,12
DA:1040,85
DA:1043,17
DA:1045,17
DA:1046,17
DA:1047,1078
DA:1048,1
DA:1051,17
DA:1054,17
DA:1055,2
DA:1056,1
DA:1057,1
DA:1063,187
DA:1064,17
DA:1065,17
DA:1067,187
DA:1068,187
DA:1069,3
DA:1070,3
DA:1075,12
DA:1076,12
DA:1077,12
DA:1078,12
DA:1079,12
DA:1083,170
DA:1107,170
DA:1108,170
DA:1110,170
DA:1111,510
DA:1112,510
DA:1113,510
DA:1114,510
DA:1115,510
DA:1116,510
DA:1117,510
DA:1118,510
DA:1119,510
DA:1120,510
DA:1121,510
DA:1123,510
DA:1124,510
DA:1125,510
DA:1127,510
DA:1128,510
DA:1129,510
DA:1131,510
DA:1132,510
DA:1134,510
DA:1137,170
DA:1141,21
DA:1142,7
DA:1144,7
DA:1146,2
DA:1147,2
DA:1149,2
DA:1150,2
DA:1152,1
DA:1153,1
DA:1155,1
DA:1156,1
DA:1158,1
DA:1160,6
DA:1161,6
DA:1162,6
DA:1163,6
DA:1164,6
DA:1165,6
DA:1169,9
DA:1170,9
DA:1171,9
DA:1172,27
DA:1173,27
DA:1174,27
DA:1175,27
DA:1177,9
DA:1187,170
DA:1193,170
DA:1194,170
DA:1196,170
DA:1197,510
DA:1198,510
DA:1199,510
DA:1200,510
DA:1201,510
DA:1202,510
DA:1203,510
DA:1204,510
DA:1205,510
DA:1207,510
DA:1208,510
DA:1209,510
DA:1211,510
DA:1212,510
DA:1214,510
DA:1218,170
DA:1219,170
DA:1223,0
DA:1224,0
DA:1226,0
DA:1227,0
DA:1229,0
DA:1230,0
DA:1232,0
DA:1234,0
DA:1235,0
DA:1237,0
DA:1238,0
DA:1240,0
DA:1241,0
DA:1243,0
DA:1244,0
DA:1246,0
DA:1248,0
DA:1249,0
DA:1250,0
DA:1251,0
DA:1252,0
DA:1253,0
DA:1257,3
DA:1258,3
DA:1259,3
DA:1260,9
DA:1261,9
DA:1262,9
DA:1263,9
DA:1265,3
DA:1274,368
DA:1275,368
DA:1276,368
DA:1277,368
DA:1278,368
DA:1279,368
DA:1280,368
DA:1281,0
DA:1282,0
DA:1288,13
DA:1289,13
DA:1290,11
DA:1291,11
DA:1292,11
DA:1296,3
DA:1297,3
DA:1298,3
DA:1299,2
DA:1300,2
DA:1301,2
DA:1304,1
DA:1313,2
DA:1314,1
DA:1320,0
DA:1324,172
DA:1325,172
DA:1326,172
DA:1327,172
DA:1328,172
DA:1329,172
DA:1330,172
DA:1331,172
DA:1332,172
DA:1333,172
DA:1334,172
DA:1335,172
DA:1336,172
DA:1337,172
LF:751
LH:723
BRDA:108,0,0,166
BRDA:108,0,1,4
BRDA:109,1,0,170
BRDA:109,1,1,166
BRDA:110,2,0,170
BRDA:110,2,1,166
BRDA:139,3,0,166
BRDA:139,3,1,4
BRDA:165,4,0,1
BRDA:165,4,1,4
BRDA:220,5,0,1
BRDA:220,5,1,0
BRDA:222,6,0,0
BRDA:222,6,1,1
BRDA:232,7,0,166
BRDA:232,7,1,4
BRDA:238,8,0,12
BRDA:238,8,1,1
BRDA:242,9,0,4
BRDA:242,9,1,2
BRDA:242,10,0,6
BRDA:242,10,1,5
BRDA:245,11,0,3
BRDA:245,11,1,1
BRDA:250,12,0,4
BRDA:250,12,1,1
BRDA:250,13,0,5
BRDA:250,13,1,5
BRDA:253,14,0,3
BRDA:253,14,1,1
BRDA:259,15,0,1
BRDA:259,15,1,1
BRDA:282,16,0,7
BRDA:282,16,1,42
BRDA:286,17,0,22
BRDA:286,17,1,20
BRDA:289,18,0,1
BRDA:289,18,1,21
BRDA:292,19,0,1
BRDA:292,19,1,20
BRDA:295,20,0,6
BRDA:295,20,1,14
BRDA:297,21,0,1
BRDA:297,21,1,5
BRDA:299,22,0,3
BRDA:299,22,1,2
BRDA:301,23,0,7
BRDA:301,23,1,7
BRDA:302,24,0,1
BRDA:302,24,1,6
BRDA:305,25,0,6
BRDA:305,25,1,1
BRDA:306,26,0,1
BRDA:306,26,1,5
BRDA:315,27,0,10
BRDA:315,27,1,10
BRDA:318,28,0,9
BRDA:318,28,1,1
BRDA:328,29,0,1
BRDA:328,29,1,4
BRDA:328,30,0,5
BRDA:328,30,1,2
BRDA:332,31,0,1
BRDA:332,31,1,3
BRDA:332,32,0,4
BRDA:332,32,1,4
BRDA:336,33,0,2
BRDA:336,33,1,1
BRDA:347,34,0,1
BRDA:347,34,1,2
BRDA:349,35,0,1
BRDA:349,35,1,1
BRDA:356,36,0,1
BRDA:356,36,1,1
BRDA:356,37,0,2
BRDA:356,37,1,2
BRDA:363,38,0,1
BRDA:363,38,1,1
BRDA:369,39,0,4
BRDA:369,39,1,48
BRDA:369,40,0,52
BRDA:369,40,1,4
BRDA:371,41,0,1
BRDA:371,41,1,3
BRDA:378,42,0,6
BRDA:378,42,1,42
BRDA:378,43,0,48
BRDA:378,43,1,7
BRDA:382,44,0,1
BRDA:382,44,1,5
BRDA:385,45,0,0
BRDA:385,45,1,5
BRDA:385,46,0,5
BRDA:385,46,1,5
BRDA:387,47,0,1
BRDA:387,47,1,4
BRDA:387,48,0,5
BRDA:387,48,1,1
BRDA:390,49,0,1
BRDA:390,49,1,3
BRDA:390,50,0,4
BRDA:390,50,1,4
BRDA:411,51,0,1
BRDA:411,51,1,153
BRDA:420,52,0,153
BRDA:420,52,1,0
BRDA:429,53,0,1
BRDA:429,53,1,11
BRDA:478,54,0,198
BRDA:478,54,1,191
BRDA:479,55,0,188
BRDA:479,55,1,10
BRDA:480,56,0,191
BRDA:480,56,1,7
BRDA:489,57,0,10
BRDA:489,57,1,188
BRDA:490,58,0,7
BRDA:490,58,1,191
BRDA:491,59,0,7
BRDA:491,59,1,191
BRDA:492,60,0,195
BRDA:492,60,1,3
BRDA:494,61,0,1
BRDA:494,61,1,2
BRDA:494,62,0,3
BRDA:494,62,1,1
BRDA:500,63,0,173
BRDA:500,63,1,25
BRDA:504,64,0,6
BRDA:504,64,1,184
BRDA:513,65,0,184
BRDA:513,65,1,0
BRDA:516,66,0,1
BRDA:516,66,1,7
BRDA:517,67,0,6
BRDA:517,67,1,1
BRDA:518,68,0,6
BRDA:518,68,1,1
BRDA:523,69,0,1
BRDA:523,69,1,9
BRDA:531,70,0,9
BRDA:531,70,1,8
BRDA:532,71,0,8
BRDA:532,71,1,1
BRDA:533,72,0,8
BRDA:533,72,1,1
BRDA:540,73,0,1
BRDA:540,73,1,8
BRDA:541,74,0,1
BRDA:541,74,1,8
BRDA:542,75,0,1
BRDA:542,75,1,8
BRDA:543,76,0,9
BRDA:543,76,1,0
BRDA:545,77,0,0
BRDA:545,77,1,0
BRDA:545,78,0,0
BRDA:545,78,1,0
BRDA:552,79,0,8
BRDA:552,79,1,1
BRDA:556,80,0,1
BRDA:556,80,1,3
BRDA:562,81,0,3
BRDA:562,81,1,0
BRDA:567,82,0,3
BRDA:567,82,1,1
BRDA:568,83,0,3
BRDA:568,83,1,1
BRDA:577,84,0,77
BRDA:577,84,1,111
BRDA:596,85,0,1
BRDA:596,85,1,110
BRDA:624,86,0,12
BRDA:624,86,1,99
BRDA:640,87,0,4
BRDA:640,87,1,420
BRDA:652,88,0,4
BRDA:652,88,1,420
BRDA:694,89,0,1
BRDA:694,89,1,423
BRDA:705,90,0,4
BRDA:705,90,1,420
BRDA:748,91,0,1
BRDA:748,91,1,1
BRDA:759,92,0,1
BRDA:759,92,1,1
BRDA:773,93,0,5
BRDA:773,93,1,3
BRDA:781,94,0,1
BRDA:781,94,1,1
BRDA:822,95,0,1
BRDA:822,95,1,8
BRDA:836,96,0,1
BRDA:836,96,1,3
BRDA:840,97,0,2
BRDA:840,97,1,1
BRDA:843,98,0,1
BRDA:843,98,1,1
BRDA:855,99,0,1
BRDA:855,99,1,8
BRDA:865,100,0,12
BRDA:865,100,1,1
BRDA:896,101,0,1
BRDA:896,101,1,1
BRDA:911,102,0,1
BRDA:911,102,1,1
BRDA:967,103,0,1
BRDA:967,103,1,17
BRDA:976,104,0,182
BRDA:976,104,1,0
BRDA:977,105,0,0
BRDA:977,105,1,182
BRDA:1014,106,0,17
BRDA:1014,106,1,68
BRDA:1029,107,0,17
BRDA:1029,107,1,68
BRDA:1047,108,0,1
BRDA:1047,108,1,1077
BRDA:1047,109,0,1078
BRDA:1047,109,1,1
BRDA:1055,110,0,1
BRDA:1055,110,1,1
BRDA:1063,111,0,17
BRDA:1063,111,1,170
BRDA:1068,112,0,3
BRDA:1068,112,1,184
BRDA:1118,113,0,170
BRDA:1118,113,1,340
BRDA:1119,114,0,170
BRDA:1119,114,1,340
BRDA:1144,115,0,2
BRDA:1144,115,1,2
BRDA:1144,115,2,1
BRDA:1144,115,3,1
BRDA:1144,115,4,1
BRDA:1162,116,0,0
BRDA:1162,116,1,6
BRDA:1175,117,0,9
BRDA:1175,117,1,18
BRDA:1204,118,0,170
BRDA:1204,118,1,340
BRDA:1205,119,0,170
BRDA:1205,119,1,340
BRDA:1227,120,0,0
BRDA:1227,120,1,0
BRDA:1230,121,0,0
BRDA:1230,121,1,0
BRDA:1232,122,0,0
BRDA:1232,122,1,0
BRDA:1232,122,2,0
BRDA:1232,122,3,0
BRDA:1232,122,4,0
BRDA:1250,123,0,0
BRDA:1250,123,1,0
BRDA:1263,124,0,3
BRDA:1263,124,1,6
BRDA:1274,125,0,0
BRDA:1274,125,1,368
BRDA:1277,126,0,0
BRDA:1277,126,1,368
BRDA:1279,127,0,3
BRDA:1279,127,1,365
BRDA:1280,128,0,0
BRDA:1280,128,1,368
BRDA:1280,129,0,368
BRDA:1280,129,1,365
BRDA:1289,130,0,2
BRDA:1289,130,1,11
BRDA:1291,131,0,0
BRDA:1291,131,1,11
BRDA:1298,132,0,2
BRDA:1298,132,1,1
BRDA:1313,133,0,1
BRDA:1313,133,1,1
BRDA:1325,134,0,4
BRDA:1325,134,1,168
BRF:276
BRH:247
end_of_record
TN:
SF:packages/widget/src/popup.ts
FN:35,(anonymous_0)
FN:93,(anonymous_1)
FN:97,(anonymous_2)
FN:105,(anonymous_3)
FN:148,(anonymous_4)
FN:153,(anonymous_5)
FN:158,(anonymous_6)
FN:161,(anonymous_7)
FN:184,(anonymous_8)
FN:185,(anonymous_9)
FN:189,(anonymous_10)
FN:205,(anonymous_11)
FN:221,(anonymous_12)
FN:222,(anonymous_13)
FN:261,(anonymous_14)
FN:293,(anonymous_15)
FN:301,(anonymous_16)
FN:317,(anonymous_17)
FN:328,(anonymous_18)
FN:335,(anonymous_19)
FN:342,(anonymous_20)
FN:348,(anonymous_21)
FN:359,(anonymous_22)
FN:364,(anonymous_23)
FNF:24
FNH:24
FNDA:55,(anonymous_0)
FNDA:14,(anonymous_1)
FNDA:4,(anonymous_2)
FNDA:2,(anonymous_3)
FNDA:2,(anonymous_4)
FNDA:1,(anonymous_5)
FNDA:7,(anonymous_6)
FNDA:4,(anonymous_7)
FNDA:3,(anonymous_8)
FNDA:2,(anonymous_9)
FNDA:1,(anonymous_10)
FNDA:2,(anonymous_11)
FNDA:41,(anonymous_12)
FNDA:41,(anonymous_13)
FNDA:8,(anonymous_14)
FNDA:41,(anonymous_15)
FNDA:14,(anonymous_16)
FNDA:41,(anonymous_17)
FNDA:62,(anonymous_18)
FNDA:5,(anonymous_19)
FNDA:4,(anonymous_20)
FNDA:8,(anonymous_21)
FNDA:5,(anonymous_22)
FNDA:56,(anonymous_23)
DA:28,55
DA:31,55
DA:32,55
DA:33,55
DA:36,55
DA:37,55
DA:39,55
DA:60,55
DA:61,55
DA:62,55
DA:65,55
DA:71,55
DA:72,55
DA:73,220
DA:74,220
DA:84,220
DA:85,220
DA:86,220
DA:87,220
DA:88,220
DA:89,220
DA:90,220
DA:91,220
DA:93,220
DA:94,14
DA:97,220
DA:98,4
DA:99,3
DA:100,3
DA:101,3
DA:105,220
DA:106,2
DA:107,1
DA:108,1
DA:112,220
DA:116,55
DA:117,55
DA:127,55
DA:128,55
DA:129,55
DA:132,55
DA:142,55
DA:143,55
DA:146,55
DA:148,55
DA:149,2
DA:150,2
DA:151,2
DA:153,55
DA:154,1
DA:155,1
DA:156,1
DA:158,55
DA:159,7
DA:161,55
DA:162,4
DA:163,3
DA:164,3
DA:166,4
DA:167,1
DA:172,55
DA:174,55
DA:175,55
DA:183,55
DA:184,55
DA:185,55
DA:186,2
DA:187,2
DA:189,55
DA:190,1
DA:191,1
DA:194,55
DA:195,55
DA:204,55
DA:205,55
DA:207,55
DA:208,55
DA:210,55
DA:211,55
DA:212,55
DA:213,55
DA:214,55
DA:222,41
DA:223,41
DA:224,41
DA:225,41
DA:226,41
DA:227,41
DA:230,41
DA:233,41
DA:234,41
DA:235,41
DA:236,41
DA:239,41
DA:240,2
DA:241,2
DA:242,1
DA:246,1
DA:250,41
DA:251,1
DA:253,41
DA:254,41
DA:256,41
DA:257,41
DA:258,41
DA:261,41
DA:262,8
DA:263,7
DA:268,7
DA:269,6
DA:270,6
DA:271,6
DA:272,6
DA:273,3
DA:274,2
DA:275,2
DA:278,3
DA:279,2
DA:280,2
DA:285,41
DA:289,41
DA:290,41
DA:293,41
DA:294,41
DA:295,41
DA:296,41
DA:302,14
DA:303,14
DA:304,14
DA:305,56
DA:306,56
DA:307,56
DA:308,56
DA:309,56
DA:310,56
DA:311,56
DA:312,56
DA:314,14
DA:318,41
DA:319,41
DA:320,164
DA:321,164
DA:322,164
DA:323,164
DA:324,164
DA:329,62
DA:330,62
DA:331,62
DA:332,62
DA:336,5
DA:337,4
DA:338,4
DA:339,4
DA:343,4
DA:344,4
DA:345,4
DA:350,8
DA:351,8
DA:352,8
DA:354,8
DA:355,8
DA:357,8
DA:358,8
DA:359,8
DA:360,5
DA:365,56
LF:166
LH:166
BRDA:98,0,0,3
BRDA:98,0,1,1
BRDA:99,1,0,3
BRDA:99,1,1,1
BRDA:101,2,0,3
BRDA:101,2,1,1
BRDA:106,3,0,1
BRDA:106,3,1,1
BRDA:143,4,0,2
BRDA:143,4,1,53
BRDA:145,5,0,53
BRDA:145,5,1,1
BRDA:146,6,0,2
BRDA:146,6,1,53
BRDA:162,7,0,3
BRDA:162,7,1,1
BRDA:162,8,0,4
BRDA:162,8,1,3
BRDA:162,8,2,1
BRDA:166,9,0,1
BRDA:166,9,1,3
BRDA:239,10,0,2
BRDA:239,10,1,39
BRDA:241,11,0,1
BRDA:241,11,1,1
BRDA:250,12,0,1
BRDA:250,12,1,40
BRDA:262,13,0,7
BRDA:262,13,1,1
BRDA:268,14,0,1
BRDA:268,14,1,6
BRDA:271,15,0,0
BRDA:271,15,1,6
BRDA:271,16,0,6
BRDA:271,16,1,6
BRDA:272,17,0,3
BRDA:272,17,1,3
BRDA:273,18,0,2
BRDA:273,18,1,1
BRDA:273,19,0,3
BRDA:273,19,1,2
BRDA:278,20,0,2
BRDA:278,20,1,1
BRDA:278,21,0,3
BRDA:278,21,1,2
BRDA:289,22,0,41
BRDA:289,22,1,41
BRDA:290,23,0,13
BRDA:290,23,1,28
BRDA:306,24,0,56
BRDA:306,24,1,1
BRDA:307,25,0,56
BRDA:307,25,1,1
BRDA:308,26,0,14
BRDA:308,26,1,42
BRDA:309,27,0,14
BRDA:309,27,1,42
BRDA:310,28,0,14
BRDA:310,28,1,42
BRDA:311,29,0,14
BRDA:311,29,1,42
BRDA:329,30,0,62
BRDA:329,30,1,19
BRDA:331,31,0,5
BRDA:331,31,1,57
BRDA:332,32,0,5
BRDA:332,32,1,57
BRDA:336,33,0,1
BRDA:336,33,1,4
BRDA:336,34,0,5
BRDA:336,34,1,4
BRDA:350,35,0,8
BRDA:350,35,1,0
BRF:73
BRH:71
end_of_record
TN:
SF:packages/widget/src/shortcuts.ts
FN:69,getFocusedCardIndex
FN:78,focusCardByIndex
FN:370,(anonymous_2)
FN:377,(anonymous_3)
FN:378,(anonymous_4)
FN:379,(anonymous_5)
FN:380,(anonymous_6)
FN:381,(anonymous_7)
FN:382,(anonymous_8)
FN:383,(anonymous_9)
FN:384,(anonymous_10)
FN:392,(anonymous_11)
FN:400,(anonymous_12)
FN:409,(anonymous_13)
FN:419,(anonymous_14)
FN:428,(anonymous_15)
FN:440,(anonymous_16)
FN:477,(anonymous_17)
FN:486,(anonymous_18)
FN:495,(anonymous_19)
FN:502,(anonymous_20)
FN:521,(anonymous_21)
FN:531,(anonymous_22)
FN:556,(anonymous_23)
FN:561,(anonymous_24)
FNF:25
FNH:25
FNDA:29,getFocusedCardIndex
FNDA:19,focusCardByIndex
FNDA:220,(anonymous_2)
FNDA:17,(anonymous_3)
FNDA:2,(anonymous_4)
FNDA:7,(anonymous_5)
FNDA:6,(anonymous_6)
FNDA:2,(anonymous_7)
FNDA:1,(anonymous_8)
FNDA:3,(anonymous_9)
FNDA:2,(anonymous_10)
FNDA:74,(anonymous_11)
FNDA:197,(anonymous_12)
FNDA:236,(anonymous_13)
FNDA:12,(anonymous_14)
FNDA:228,(anonymous_15)
FNDA:74,(anonymous_16)
FNDA:11,(anonymous_17)
FNDA:11,(anonymous_18)
FNDA:220,(anonymous_19)
FNDA:3,(anonymous_20)
FNDA:1,(anonymous_21)
FNDA:1980,(anonymous_22)
FNDA:220,(anonymous_23)
FNDA:1,(anonymous_24)
DA:19,3
DA:25,3
DA:37,3
DA:70,29
DA:71,29
DA:72,33
DA:74,15
DA:79,19
DA:80,19
DA:83,18
DA:84,37
DA:87,18
DA:88,18
DA:89,18
DA:90,18
DA:91,18
DA:92,18
DA:104,3
DA:118,3
DA:351,3
DA:365,220
DA:366,220
DA:367,220
DA:368,220
DA:373,220
DA:376,220
DA:377,17
DA:378,2
DA:379,7
DA:380,6
DA:381,2
DA:382,1
DA:383,3
DA:384,2
DA:388,220
DA:389,220
DA:392,220
DA:401,197
DA:402,195
DA:403,195
DA:404,195
DA:405,195
DA:410,236
DA:411,195
DA:412,195
DA:413,195
DA:415,195
DA:420,12
DA:421,1
DA:423,11
DA:429,228
DA:430,220
DA:431,220
DA:432,220
DA:433,220
DA:442,74
DA:443,3
DA:444,1
DA:445,1
DA:446,1
DA:448,3
DA:452,71
DA:455,70
DA:456,70
DA:457,69
DA:458,69
DA:459,65
DA:463,65
DA:465,62
DA:466,62
DA:467,40
DA:468,40
DA:469,40
DA:478,11
DA:479,11
DA:482,11
DA:483,11
DA:487,11
DA:488,11
DA:496,220
DA:497,220
DA:498,220
DA:499,220
DA:502,220
DA:503,3
DA:506,220
DA:509,220
DA:510,220
DA:511,220
DA:512,220
DA:513,220
DA:514,220
DA:517,220
DA:518,220
DA:519,220
DA:520,220
DA:521,220
DA:522,220
DA:525,220
DA:527,220
DA:528,1540
DA:530,1540
DA:531,1540
DA:532,1980
DA:533,440
DA:534,440
DA:535,440
DA:537,1980
DA:538,1980
DA:539,1980
DA:542,1540
DA:543,1540
DA:545,1540
DA:546,1540
DA:547,1540
DA:550,220
DA:551,220
DA:553,220
DA:557,220
DA:558,220
DA:559,220
DA:560,220
DA:561,220
DA:562,1
DA:563,1
DA:565,220
LF:126
LH:126
BRDA:72,0,0,14
BRDA:72,0,1,19
BRDA:80,1,0,1
BRDA:80,1,1,18
BRDA:89,2,0,0
BRDA:89,2,1,18
BRDA:373,3,0,49
BRDA:401,4,0,2
BRDA:401,4,1,195
BRDA:401,5,0,197
BRDA:401,5,1,196
BRDA:402,6,0,193
BRDA:402,6,1,2
BRDA:403,7,0,195
BRDA:403,7,1,1
BRDA:410,8,0,41
BRDA:410,8,1,195
BRDA:411,9,0,195
BRDA:411,9,1,1
BRDA:415,10,0,7
BRDA:415,10,1,188
BRDA:420,11,0,1
BRDA:420,11,1,11
BRDA:429,12,0,8
BRDA:429,12,1,220
BRDA:442,13,0,3
BRDA:442,13,1,71
BRDA:443,14,0,1
BRDA:443,14,1,2
BRDA:452,15,0,1
BRDA:452,15,1,70
BRDA:456,16,0,69
BRDA:456,16,1,1
BRDA:458,17,0,4
BRDA:458,17,1,65
BRDA:458,18,0,69
BRDA:458,18,1,67
BRDA:458,18,2,66
BRDA:459,19,0,1
BRDA:459,19,1,64
BRDA:463,20,0,3
BRDA:463,20,1,62
BRDA:463,21,0,65
BRDA:463,21,1,64
BRDA:463,21,2,63
BRDA:466,22,0,40
BRDA:466,22,1,22
BRDA:503,23,0,1
BRDA:503,23,1,2
BRDA:532,24,0,440
BRDA:532,24,1,1540
BRF:51
BRH:50
end_of_record
TN:
SF:packages/widget/src/store-client.ts
FN:20,(anonymous_0)
FN:25,(anonymous_1)
FN:45,(anonymous_2)
FN:63,(anonymous_3)
FN:71,(anonymous_4)
FN:75,(anonymous_5)
FN:84,toResponse
FN:105,toAnnotationResponse
FNF:8
FNH:8
FNDA:14,(anonymous_0)
FNDA:5,(anonymous_1)
FNDA:4,(anonymous_2)
FNDA:3,(anonymous_3)
FNDA:1,(anonymous_4)
FNDA:1,(anonymous_5)
FNDA:9,toResponse
FNDA:9,toAnnotationResponse
DA:21,14
DA:22,14
DA:26,5
DA:42,5
DA:49,4
DA:60,4
DA:64,3
DA:68,3
DA:72,1
DA:76,1
DA:85,9
DA:106,9
LF:12
LH:12
BRDA:32,0,0,5
BRDA:32,0,1,5
BRDA:39,1,0,5
BRDA:39,1,1,5
BRDA:65,2,0,2
BRDA:65,2,1,1
BRDA:66,3,0,2
BRDA:66,3,1,1
BRDA:92,4,0,9
BRDA:92,4,1,9
BRDA:97,5,0,9
BRDA:97,5,1,6
BRDA:101,6,0,9
BRDA:101,6,1,9
BRDA:118,7,0,9
BRDA:118,7,1,9
BRF:16
BRH:16
end_of_record
TN:
SF:packages/widget/src/tooltip.ts
FN:26,(anonymous_0)
FN:69,(anonymous_1)
FN:70,(anonymous_2)
FN:74,(anonymous_3)
FN:79,(anonymous_4)
FN:95,(anonymous_5)
FN:97,(anonymous_6)
FN:100,(anonymous_7)
FN:105,(anonymous_8)
FN:112,(anonymous_9)
FN:119,(anonymous_10)
FN:126,(anonymous_11)
FN:168,(anonymous_12)
FN:220,(anonymous_13)
FN:224,(anonymous_14)
FNF:15
FNH:15
FNDA:28,(anonymous_0)
FNDA:1,(anonymous_1)
FNDA:1,(anonymous_2)
FNDA:22,(anonymous_3)
FNDA:20,(anonymous_4)
FNDA:5,(anonymous_5)
FNDA:2,(anonymous_6)
FNDA:5,(anonymous_7)
FNDA:3,(anonymous_8)
FNDA:57,(anonymous_9)
FNDA:59,(anonymous_10)
FNDA:20,(anonymous_11)
FNDA:20,(anonymous_12)
FNDA:3,(anonymous_13)
FNDA:31,(anonymous_14)
DA:7,1
DA:8,1
DA:20,28
DA:21,28
DA:22,28
DA:24,28
DA:27,28
DA:28,28
DA:30,28
DA:52,28
DA:53,28
DA:56,28
DA:67,28
DA:69,28
DA:70,28
DA:71,28
DA:75,22
DA:76,21
DA:77,21
DA:79,21
DA:80,20
DA:81,20
DA:82,20
DA:86,20
DA:87,20
DA:89,20
DA:90,20
DA:91,20
DA:96,5
DA:97,5
DA:101,5
DA:102,5
DA:103,5
DA:104,5
DA:105,5
DA:106,3
DA:107,2
DA:113,57
DA:114,21
DA:115,21
DA:120,59
DA:121,5
DA:122,5
DA:128,20
DA:129,20
DA:130,24
DA:133,20
DA:134,20
DA:135,20
DA:136,20
DA:139,20
DA:141,20
DA:149,20
DA:151,20
DA:152,20
DA:154,20
DA:155,20
DA:158,20
DA:161,20
DA:164,20
DA:165,20
DA:169,20
DA:170,20
DA:172,20
DA:173,20
DA:174,20
DA:177,20
DA:178,1
DA:179,1
DA:182,20
DA:184,20
DA:185,20
DA:188,20
DA:190,20
DA:192,19
DA:205,1
DA:221,3
DA:225,31
DA:226,31
DA:227,31
LF:80
LH:80
BRDA:28,0,0,1
BRDA:75,1,0,1
BRDA:75,1,1,21
BRDA:86,2,0,20
BRDA:86,2,1,20
BRDA:87,3,0,1
BRDA:87,3,1,19
BRDA:106,4,0,2
BRDA:106,4,1,1
BRDA:113,5,0,21
BRDA:113,5,1,36
BRDA:120,6,0,5
BRDA:120,6,1,54
BRDA:130,7,0,4
BRDA:130,7,1,20
BRDA:177,8,0,1
BRDA:177,8,1,19
BRDA:190,9,0,19
BRDA:190,9,1,1
BRF:19
BRH:19
end_of_record
TN:
SF:packages/widget/src/dom/anchor.ts
FN:21,generateAnchor
FN:24,(anonymous_1)
FN:26,(anonymous_2)
FN:28,(anonymous_3)
FN:61,containsRect
FN:77,findAnchorElement
FN:107,rectToPercentages
FNF:7
FNH:7
FNDA:27,generateAnchor
FNDA:7,(anonymous_1)
FNDA:9,(anonymous_2)
FNDA:2,(anonymous_3)
FNDA:7,containsRect
FNDA:7,findAnchorElement
FNDA:12,rectToPercentages
DA:8,4
DA:22,27
DA:24,7
DA:26,9
DA:28,2
DA:33,27
DA:35,27
DA:36,27
DA:38,27
DA:39,27
DA:40,27
DA:41,27
DA:43,27
DA:44,27
DA:46,27
DA:62,7
DA:63,7
DA:78,7
DA:79,7
DA:81,7
DA:82,7
DA:85,4
DA:86,4
DA:87,8
DA:88,0
DA:90,8
DA:94,4
DA:95,4
DA:96,7
DA:97,4
DA:100,1
DA:109,12
DA:110,4
DA:112,8
LF:34
LH:33
BRDA:24,0,0,7
BRDA:24,0,1,3
BRDA:28,1,0,2
BRDA:28,1,1,1
BRDA:35,2,0,27
BRDA:35,2,1,0
BRDA:44,3,0,27
BRDA:44,3,1,24
BRDA:55,4,0,27
BRDA:55,4,1,25
BRDA:63,5,0,7
BRDA:63,5,1,3
BRDA:63,5,2,3
BRDA:63,5,3,3
BRDA:77,6,0,6
BRDA:82,7,0,3
BRDA:82,7,1,4
BRDA:82,8,0,7
BRDA:82,8,1,6
BRDA:86,9,0,12
BRDA:86,9,1,12
BRDA:87,10,0,0
BRDA:87,10,1,8
BRDA:87,11,0,8
BRDA:87,11,1,0
BRDA:95,12,0,8
BRDA:95,12,1,8
BRDA:96,13,0,3
BRDA:96,13,1,4
BRDA:109,14,0,4
BRDA:109,14,1,8
BRDA:109,15,0,12
BRDA:109,15,1,9
BRF:33
BRH:30
end_of_record
TN:
SF:packages/widget/src/dom/fingerprint.ts
FN:12,djb2
FN:30,generateFingerprint
FN:63,scoreFingerprint
FNF:3
FNH:3
FNDA:10,djb2
FNDA:73,generateFingerprint
FNDA:31,scoreFingerprint
DA:9,5
DA:13,10
DA:14,10
DA:15,152
DA:17,10
DA:31,73
DA:34,73
DA:35,73
DA:36,73
DA:37,58
DA:38,76
DA:39,18
DA:44,73
DA:45,73
DA:46,584
DA:47,584
DA:49,73
DA:51,73
DA:64,31
DA:65,31
DA:67,27
DA:68,27
DA:69,27
DA:70,27
DA:72,24
DA:73,24
DA:75,24
DA:78,24
DA:79,24
DA:80,4
DA:81,2
DA:84,24
DA:85,24
DA:86,4
DA:87,2
DA:90,24
DA:92,24
LF:37
LH:37
BRDA:36,0,0,58
BRDA:36,0,1,15
BRDA:38,1,0,58
BRDA:38,1,1,18
BRDA:39,2,0,17
BRDA:39,2,1,1
BRDA:47,3,0,12
BRDA:47,3,1,572
BRDA:49,4,0,10
BRDA:49,4,1,63
BRDA:65,5,0,4
BRDA:65,5,1,27
BRDA:70,6,0,3
BRDA:70,6,1,24
BRDA:70,7,0,27
BRDA:70,7,1,25
BRDA:79,8,0,19
BRDA:79,8,1,5
BRDA:79,9,0,1
BRDA:79,9,1,4
BRDA:80,10,0,2
BRDA:80,10,1,2
BRDA:85,11,0,16
BRDA:85,11,1,8
BRDA:85,12,0,4
BRDA:85,12,1,4
BRDA:86,13,0,2
BRDA:86,13,1,2
BRDA:90,14,0,21
BRDA:90,14,1,3
BRF:30
BRH:30
end_of_record
TN:
SF:packages/widget/src/dom/fuzzy.ts
FN:11,editDistance
FN:47,similarity
FN:59,fuzzyIncludes
FNF:3
FNH:3
FNDA:580,editDistance
FNDA:565,similarity
FNDA:35,fuzzyIncludes
DA:12,580
DA:13,578
DA:14,576
DA:17,574
DA:18,3
DA:19,3
DA:20,3
DA:23,574
DA:24,574
DA:25,574
DA:26,4306
DA:27,574
DA:29,574
DA:30,3839
DA:31,3839
DA:33,30846
DA:34,30846
DA:36,3839
DA:37,3839
DA:38,3839
DA:41,574
DA:48,565
DA:49,558
DA:50,558
DA:51,558
DA:60,35
DA:61,33
DA:63,19
DA:66,19
DA:67,10
DA:68,10
DA:71,9
DA:74,9
DA:75,9
DA:77,9
DA:78,539
DA:79,539
DA:80,539
DA:81,539
DA:84,9
LF:40
LH:40
BRDA:12,0,0,2
BRDA:12,0,1,578
BRDA:13,1,0,2
BRDA:13,1,1,576
BRDA:14,2,0,2
BRDA:14,2,1,574
BRDA:17,3,0,3
BRDA:17,3,1,571
BRDA:33,4,0,30846
BRDA:33,4,1,0
BRDA:34,5,0,807
BRDA:34,5,1,30039
BRDA:34,6,0,30039
BRDA:34,6,1,0
BRDA:34,7,0,30039
BRDA:34,7,1,0
BRDA:41,8,0,574
BRDA:41,8,1,0
BRDA:48,9,0,7
BRDA:48,9,1,558
BRDA:50,10,0,0
BRDA:50,10,1,558
BRDA:59,11,0,10
BRDA:60,12,0,2
BRDA:60,12,1,33
BRDA:60,13,0,35
BRDA:60,13,1,34
BRDA:61,14,0,14
BRDA:61,14,1,19
BRDA:66,15,0,10
BRDA:66,15,1,9
BRDA:68,16,0,2
BRDA:68,16,1,8
BRDA:74,17,0,1
BRDA:74,17,1,8
BRDA:80,18,0,14
BRDA:80,18,1,525
BRDA:81,19,0,1
BRDA:81,19,1,538
BRDA:84,20,0,4
BRDA:84,20,1,5
BRF:41
BRH:36
end_of_record
TN:
SF:packages/widget/src/dom/resolver.ts
FN:33,textMatches
FN:56,resolveAnchor
FN:112,smartScan
FN:151,scoreCandidate
FN:208,resolveAnnotation
FNF:5
FNH:5
FNDA:17,textMatches
FNDA:40,resolveAnchor
FNDA:26,smartScan
FNDA:18,scoreCandidate
FNDA:4,resolveAnnotation
DA:23,2
DA:26,2
DA:34,17
DA:35,8
DA:36,8
DA:58,40
DA:60,5
DA:61,5
DA:62,5
DA:64,5
DA:65,3
DA:73,37
DA:74,11
DA:75,11
DA:76,5
DA:81,32
DA:82,32
DA:83,31
DA:84,4
DA:91,28
DA:92,28
DA:93,27
DA:94,27
DA:95,2
DA:102,26
DA:113,26
DA:114,26
DA:115,26
DA:117,14
DA:118,14
DA:120,14
DA:122,14
DA:123,18
DA:124,18
DA:125,18
DA:126,18
DA:127,13
DA:128,13
DA:129,13
DA:133,14
DA:135,10
DA:152,18
DA:153,18
DA:156,18
DA:159,18
DA:160,15
DA:161,15
DA:165,18
DA:166,9
DA:167,9
DA:171,18
DA:172,5
DA:173,5
DA:174,5
DA:176,5
DA:177,5
DA:178,5
DA:179,5
DA:182,5
DA:183,3
DA:184,3
DA:185,3
DA:188,5
DA:189,5
DA:194,18
DA:195,5
DA:196,5
DA:197,5
DA:200,18
DA:209,4
DA:211,4
DA:213,3
DA:214,3
DA:221,3
LF:74
LH:74
BRDA:34,0,0,9
BRDA:34,0,1,8
BRDA:35,1,0,8
BRDA:35,1,1,0
BRDA:58,2,0,5
BRDA:58,2,1,35
BRDA:64,3,0,3
BRDA:64,3,1,2
BRDA:64,4,0,5
BRDA:64,4,1,4
BRDA:73,5,0,11
BRDA:73,5,1,26
BRDA:75,6,0,5
BRDA:75,6,1,6
BRDA:75,7,0,11
BRDA:75,7,1,8
BRDA:75,7,2,5
BRDA:83,8,0,4
BRDA:83,8,1,27
BRDA:83,9,0,31
BRDA:83,9,1,7
BRDA:83,9,2,5
BRDA:94,10,0,2
BRDA:94,10,1,25
BRDA:94,11,0,27
BRDA:94,11,1,5
BRDA:94,11,2,3
BRDA:115,12,0,12
BRDA:115,12,1,14
BRDA:124,13,0,0
BRDA:124,13,1,18
BRDA:126,14,0,13
BRDA:126,14,1,5
BRDA:129,15,0,10
BRDA:129,15,1,3
BRDA:133,16,0,4
BRDA:133,16,1,10
BRDA:133,17,0,14
BRDA:133,17,1,10
BRDA:156,18,0,18
BRDA:156,18,1,0
BRDA:159,19,0,15
BRDA:159,19,1,3
BRDA:165,20,0,9
BRDA:165,20,1,9
BRDA:171,21,0,5
BRDA:171,21,1,13
BRDA:171,22,0,18
BRDA:171,22,1,13
BRDA:176,23,0,5
BRDA:176,23,1,0
BRDA:178,24,0,2
BRDA:178,24,1,3
BRDA:182,25,0,3
BRDA:182,25,1,2
BRDA:184,26,0,2
BRDA:184,26,1,1
BRDA:188,27,0,5
BRDA:188,27,1,0
BRDA:194,28,0,5
BRDA:194,28,1,13
BRDA:197,29,0,4
BRDA:197,29,1,1
BRDA:200,30,0,16
BRDA:200,30,1,2
BRDA:211,31,0,1
BRDA:211,31,1,3
BRF:67
BRH:62
end_of_record
TN:
SF:packages/widget/src/dom/text-context.ts
FN:10,adjacentText
FN:28,neighborText
FNF:2
FNH:2
FNDA:71,adjacentText
FNDA:37,neighborText
DA:11,71
DA:12,71
DA:13,71
DA:15,71
DA:16,17
DA:17,17
DA:18,10
DA:20,7
DA:21,7
DA:24,61
DA:29,37
DA:30,37
DA:31,37
LF:13
LH:13
BRDA:11,0,0,37
BRDA:11,0,1,34
BRDA:15,1,0,78
BRDA:15,1,1,17
BRDA:17,2,0,10
BRDA:17,2,1,7
BRDA:18,3,0,5
BRDA:18,3,1,5
BRDA:29,4,0,37
BRDA:29,4,1,32
BRDA:30,5,0,37
BRDA:30,5,1,30
BRF:12
BRH:12
end_of_record
TN:
SF:packages/widget/src/dom/xpath.ts
FN:10,generateXPath
FNF:1
FNH:1
FNDA:39,generateXPath
DA:11,39
DA:12,6
DA:13,6
DA:16,33
DA:17,33
DA:19,33
DA:20,52
DA:21,52
DA:23,52
DA:24,2
DA:27,2
DA:28,2
DA:32,50
DA:33,50
DA:34,49
DA:35,52
DA:36,3
DA:40,50
DA:41,50
DA:44,31
LF:20
LH:20
BRDA:11,0,0,6
BRDA:11,0,1,33
BRDA:12,1,0,2
BRDA:12,1,1,4
BRDA:19,2,0,83
BRDA:19,2,1,82
BRDA:19,2,2,53
BRDA:23,3,0,2
BRDA:23,3,1,50
BRDA:24,4,0,1
BRDA:24,4,1,1
BRDA:33,5,0,49
BRDA:33,5,1,1
BRDA:35,6,0,49
BRDA:35,6,1,3
BRDA:36,7,0,1
BRDA:36,7,1,2
BRF:17
BRH:17
end_of_record
TN:
SF:packages/widget/src/i18n/de.ts
FNF:0
FNH:0
DA:3,1
LF:1
LH:1
BRF:0
BRH:0
end_of_record
TN:
SF:packages/widget/src/i18n/en.ts
FNF:0
FNH:0
DA:3,9
LF:1
LH:1
BRF:0
BRH:0
end_of_record
TN:
SF:packages/widget/src/i18n/es.ts
FNF:0
FNH:0
DA:3,1
LF:1
LH:1
BRF:0
BRH:0
end_of_record
TN:
SF:packages/widget/src/i18n/fr.ts
FNF:0
FNH:0
DA:3,1
LF:1
LH:1
BRF:0
BRH:0
end_of_record
TN:
SF:packages/widget/src/i18n/it.ts
FNF:0
FNH:0
DA:4,1
LF:1
LH:1
BRF:0
BRH:0
end_of_record
TN:
SF:packages/widget/src/i18n/pt.ts
FNF:0
FNH:0
DA:4,1
LF:1
LH:1
BRF:0
BRH:0
end_of_record
TN:
SF:packages/widget/src/i18n/ru.ts
FNF:0
FNH:0
DA:3,1
LF:1
LH:1
BRF:0
BRH:0
end_of_record
